<?xml version="1.0" encoding="UTF-8"?>
<testsuite xmlns:xsi="http://www.w3.org/2001/XMLSchema-instance" xsi:noNamespaceSchemaLocation="https://maven.apache.org/surefire/maven-surefire-plugin/xsd/surefire-test-report.xsd" version="3.0.2" name="in.rgukt.r081247.universityapi.controller.DepartmentControllerTest" time="1.737" tests="2" errors="0" skipped="1" failures="0">
  <properties>
[...]
</properties>
  <testcase name="testAddDepartment" classname="in.rgukt.r081247.universityapi.controller.DepartmentControllerTest" time="0.0">
    <skipped message="public void in.rgukt.r081247.universityapi.controller.DepartmentControllerTest.testAddDepartment() throws java.lang.Exception is @Disabled"/>
    <system-out><![CDATA[&amp#27;[30m2025-04-21 07:27:34,736&amp#27;[0;39m &amp#27;[39mDEBUG&amp#27;[0;39m [&amp#27;[34mmain&amp#27;[0;39m] &amp#27;[33mo.s.t.c.s.AbstractTestContextBootstrapper&amp#27;[0;39m: Neither @ContextConfiguration nor @ContextHierarchy found for test class [DepartmentControllerTest]: using SpringBootContextLoader
&amp#27;[30m2025-04-21 07:27:34,737&amp#27;[0;39m &amp#27;[39mDEBUG&amp#27;[0;39m [&amp#27;[34mmain&amp#27;[0;39m] &amp#27;[33mo.s.t.c.s.AbstractContextLoader&amp#27;[0;39m: Could not detect default resource locations for test class [in.rgukt.r081247.universityapi.controller.DepartmentControllerTest]: no resource found for suffixes {-context.xml, Context.groovy}.
&amp#27;[30m2025-04-21 07:27:34,738&amp#27;[0;39m &amp#27;[34mINFO &amp#27;[0;39m [&amp#27;[34mmain&amp#27;[0;39m] &amp#27;[33mo.s.t.c.s.AnnotationConfigContextLoaderUtils&amp#27;[0;39m: Could not detect default configuration classes for test class [in.rgukt.r081247.universityapi.controller.DepartmentControllerTest]: DepartmentControllerTest does not declare any static, non-private, non-final, nested classes annotated with @Configuration.
&amp#27;[30m2025-04-21 07:27:34,740&amp#27;[0;39m &amp#27;[39mDEBUG&amp#27;[0;39m [&amp#27;[34mmain&amp#27;[0;39m] &amp#27;[33mo.s.t.c.s.AbstractTestContextBootstrapper&amp#27;[0;39m: Using ContextCustomizerFactory implementations for test class [DepartmentControllerTest]: [ImportsContextCustomizerFactory, ExcludeFilterContextCustomizerFactory, HttpGraphQlTesterContextCustomizerFactory, DuplicateJsonObjectContextCustomizerFactory, MockitoContextCustomizerFactory, TestRestTemplateContextCustomizerFactory, WebTestClientContextCustomizerFactory, DisableReactorResourceFactoryGlobalResourcesContextCustomizerFactory, OnFailureConditionReportContextCustomizerFactory, OverrideAutoConfigurationContextCustomizerFactory, ObservabilityContextCustomizerFactory, TypeExcludeFiltersContextCustomizerFactory, PropertyMappingContextCustomizerFactory, WebDriverContextCustomizerFactory, BeanOverrideContextCustomizerFactory, MockServerContainerContextCustomizerFactory, DynamicPropertiesContextCustomizerFactory]
&amp#27;[30m2025-04-21 07:27:34,766&amp#27;[0;39m &amp#27;[39mDEBUG&amp#27;[0;39m [&amp#27;[34mmain&amp#27;[0;39m] &amp#27;[33mo.s.t.c.s.AbstractTestContextBootstrapper&amp#27;[0;39m: Using ContextCustomizers for test class [DepartmentControllerTest]: [ImportsContextCustomizer, ExcludeFilterContextCustomizer, DuplicateJsonObjectContextCustomizer, MockitoContextCustomizer, DisableReactorResourceFactoryGlobalResourcesContextCustomizerCustomizer, OnFailureConditionReportContextCustomizer, DisableAutoConfigurationContextCustomizer, DisableObservabilityContextCustomizer, TypeExcludeFiltersContextCustomizer, PropertyMappingContextCustomizer, WebDriverContextCustomizer, DynamicPropertiesContextCustomizer]
&amp#27;[30m2025-04-21 07:27:34,783&amp#27;[0;39m &amp#27;[39mDEBUG&amp#27;[0;39m [&amp#27;[34mmain&amp#27;[0;39m] &amp#27;[33mo.s.c.a.ClassPathScanningCandidateComponentProvider&amp#27;[0;39m: Identified candidate component class: file [/home/vinod/Desktop/projects/apis/universityapi/target/classes/in/rgukt/r081247/universityapi/CrmApplication.class]
&amp#27;[30m2025-04-21 07:27:34,784&amp#27;[0;39m &amp#27;[34mINFO &amp#27;[0;39m [&amp#27;[34mmain&amp#27;[0;39m] &amp#27;[33mo.s.b.t.c.SpringBootTestContextBootstrapper&amp#27;[0;39m: Found @SpringBootConfiguration in.rgukt.r081247.universityapi.CrmApplication for test class in.rgukt.r081247.universityapi.controller.DepartmentControllerTest
&amp#27;[30m2025-04-21 07:27:34,787&amp#27;[0;39m &amp#27;[39mDEBUG&amp#27;[0;39m [&amp#27;[34mmain&amp#27;[0;39m] &amp#27;[33mo.s.t.c.u.TestContextFailureHandler&amp#27;[0;39m: Skipping candidate TestExecutionListener [org.springframework.test.context.observation.MicrometerObservationRegistryTestExecutionListener] due to a missing dependency. Specify custom TestExecutionListener classes or make the default TestExecutionListener classes and their required dependencies available. Offending class: io.micrometer.context.ThreadLocalAccessor. MicrometerObservationRegistryTestExecutionListener requires io.micrometer:micrometer-observation:1.10.8 or higher and io.micrometer:context-propagation:1.0.3 or higher.
&amp#27;[30m2025-04-21 07:27:34,789&amp#27;[0;39m &amp#27;[39mDEBUG&amp#27;[0;39m [&amp#27;[34mmain&amp#27;[0;39m] &amp#27;[33mo.s.t.c.s.AbstractTestContextBootstrapper&amp#27;[0;39m: Using TestExecutionListeners for test class [DepartmentControllerTest]: [ServletTestExecutionListener, DirtiesContextBeforeModesTestExecutionListener, ApplicationEventsTestExecutionListener, MockitoTestExecutionListener, BeanOverrideTestExecutionListener, DependencyInjectionTestExecutionListener, DirtiesContextTestExecutionListener, CommonCachesTestExecutionListener, TransactionalTestExecutionListener, SqlScriptsTestExecutionListener, EventPublishingTestExecutionListener, WithSecurityContextTestExecutionListener, ReactorContextTestExecutionListener, ResetMocksTestExecutionListener, RestDocsTestExecutionListener, MockRestServiceServerResetTestExecutionListener, MockMvcPrintOnlyOnFailureTestExecutionListener, WebDriverTestExecutionListener, MockWebServiceServerTestExecutionListener, MockitoResetTestExecutionListener]
&amp#27;[30m2025-04-21 07:27:34,789&amp#27;[0;39m &amp#27;[39mDEBUG&amp#27;[0;39m [&amp#27;[34mmain&amp#27;[0;39m] &amp#27;[33mo.s.t.c.s.AbstractDirtiesContextTestExecutionListener&amp#27;[0;39m: Before test class: class [DepartmentControllerTest], class annotated with @DirtiesContext [false] with mode [null]
&amp#27;[30m2025-04-21 07:27:34,797&amp#27;[0;39m &amp#27;[34mINFO &amp#27;[0;39m [&amp#27;[34mmain&amp#27;[0;39m] &amp#27;[33mo.s.b.d.r.RestartApplicationListener&amp#27;[0;39m: Restart disabled due to context in which it is running
&amp#27;[30m2025-04-21 07:27:34,829&amp#27;[0;39m &amp#27;[39mDEBUG&amp#27;[0;39m [&amp#27;[34mmain&amp#27;[0;39m] &amp#27;[33mo.s.c.e.AbstractEnvironment&amp#27;[0;39m: Activating profiles []

  .   ____          _            __ _ _
 /\\ / ___'_ __ _ _(_)_ __  __ _ \ \ \ \
( ( )\___ | '_ | '_| | '_ \/ _` | \ \ \ \
 \\/  ___)| |_)| | | | | || (_| |  ) ) ) )
  '  |____| .__|_| |_|_| |_\__, | / / / /
 =========|_|==============|___/=/_/_/_/

 :: Spring Boot ::                (v3.4.4)

&amp#27;[30m2025-04-21 07:27:34,844&amp#27;[0;39m &amp#27;[39mDEBUG&amp#27;[0;39m [&amp#27;[34mmain&amp#27;[0;39m] &amp#27;[33mo.s.b.SpringApplication&amp#27;[0;39m: Loading source class in.rgukt.r081247.universityapi.CrmApplication
&amp#27;[30m2025-04-21 07:27:34,848&amp#27;[0;39m &amp#27;[39mDEBUG&amp#27;[0;39m [&amp#27;[34mmain&amp#27;[0;39m] &amp#27;[33mo.s.c.s.AbstractApplicationContext&amp#27;[0;39m: Refreshing org.springframework.web.context.support.GenericWebApplicationContext@79a81557
&amp#27;[30m2025-04-21 07:27:34,850&amp#27;[0;39m &amp#27;[39mDEBUG&amp#27;[0;39m [&amp#27;[34mmain&amp#27;[0;39m] &amp#27;[33mo.s.b.f.s.DefaultSingletonBeanRegistry&amp#27;[0;39m: Creating shared instance of singleton bean 'org.springframework.context.annotation.internalConfigurationAnnotationProcessor'
&amp#27;[30m2025-04-21 07:27:34,851&amp#27;[0;39m &amp#27;[39mDEBUG&amp#27;[0;39m [&amp#27;[34mmain&amp#27;[0;39m] &amp#27;[33mo.s.b.f.s.DefaultSingletonBeanRegistry&amp#27;[0;39m: Creating shared instance of singleton bean 'org.springframework.boot.autoconfigure.internalCachingMetadataReaderFactory'
&amp#27;[30m2025-04-21 07:27:34,884&amp#27;[0;39m &amp#27;[39mDEBUG&amp#27;[0;39m [&amp#27;[34mmain&amp#27;[0;39m] &amp#27;[33mo.s.c.a.ClassPathScanningCandidateComponentProvider&amp#27;[0;39m: Identified candidate component class: file [/home/vinod/Desktop/projects/apis/universityapi/target/classes/in/rgukt/r081247/universityapi/controller/DepartmentController.class]
&amp#27;[30m2025-04-21 07:27:34,891&amp#27;[0;39m &amp#27;[39mDEBUG&amp#27;[0;39m [&amp#27;[34mmain&amp#27;[0;39m] &amp#27;[33mo.s.c.a.ClassPathScanningCandidateComponentProvider&amp#27;[0;39m: Identified candidate component class: file [/home/vinod/Desktop/projects/apis/universityapi/target/classes/in/rgukt/r081247/universityapi/exception/CustomExceptionHandler.class]
&amp#27;[30m2025-04-21 07:27:35,221&amp#27;[0;39m &amp#27;[39mDEBUG&amp#27;[0;39m [&amp#27;[34mmain&amp#27;[0;39m] &amp#27;[33mo.s.b.f.s.DefaultSingletonBeanRegistry&amp#27;[0;39m: Creating shared instance of singleton bean 'org.springframework.boot.test.context.ImportsContextCustomizer$ImportsCleanupPostProcessor'
&amp#27;[30m2025-04-21 07:27:35,222&amp#27;[0;39m &amp#27;[39mDEBUG&amp#27;[0;39m [&amp#27;[34mmain&amp#27;[0;39m] &amp#27;[33mo.s.b.f.s.DefaultSingletonBeanRegistry&amp#27;[0;39m: Creating shared instance of singleton bean 'springSecurityHandlerMappingIntrospectorBeanDefinitionRegistryPostProcessor'
&amp#27;[30m2025-04-21 07:27:35,225&amp#27;[0;39m &amp#27;[39mDEBUG&amp#27;[0;39m [&amp#27;[34mmain&amp#27;[0;39m] &amp#27;[33mo.s.b.f.s.DefaultSingletonBeanRegistry&amp#27;[0;39m: Creating shared instance of singleton bean 'org.springframework.boot.test.mock.mockito.MockitoPostProcessor'
&amp#27;[30m2025-04-21 07:27:35,370&amp#27;[0;39m &amp#27;[39mDEBUG&amp#27;[0;39m [&amp#27;[34mmain&amp#27;[0;39m] &amp#27;[33mo.s.b.f.s.DefaultSingletonBeanRegistry&amp#27;[0;39m: Creating shared instance of singleton bean 'org.springframework.context.event.internalEventListenerProcessor'
&amp#27;[30m2025-04-21 07:27:35,373&amp#27;[0;39m &amp#27;[39mDEBUG&amp#27;[0;39m [&amp#27;[34mmain&amp#27;[0;39m] &amp#27;[33mo.s.b.f.s.DefaultSingletonBeanRegistry&amp#27;[0;39m: Creating shared instance of singleton bean 'preserveErrorControllerTargetClassPostProcessor'
&amp#27;[30m2025-04-21 07:27:35,374&amp#27;[0;39m &amp#27;[39mDEBUG&amp#27;[0;39m [&amp#27;[34mmain&amp#27;[0;39m] &amp#27;[33mo.s.b.f.s.DefaultSingletonBeanRegistry&amp#27;[0;39m: Creating shared instance of singleton bean 'conversionServicePostProcessor'
&amp#27;[30m2025-04-21 07:27:35,378&amp#27;[0;39m &amp#27;[39mDEBUG&amp#27;[0;39m [&amp#27;[34mmain&amp#27;[0;39m] &amp#27;[33mo.s.b.f.s.DefaultSingletonBeanRegistry&amp#27;[0;39m: Creating shared instance of singleton bean 'org.springframework.context.event.internalEventListenerFactory'
&amp#27;[30m2025-04-21 07:27:35,385&amp#27;[0;39m &amp#27;[39mDEBUG&amp#27;[0;39m [&amp#27;[34mmain&amp#27;[0;39m] &amp#27;[33mo.s.b.f.s.DefaultSingletonBeanRegistry&amp#27;[0;39m: Creating shared instance of singleton bean 'org.springframework.context.annotation.internalAutowiredAnnotationProcessor'
&amp#27;[30m2025-04-21 07:27:35,387&amp#27;[0;39m &amp#27;[39mDEBUG&amp#27;[0;39m [&amp#27;[34mmain&amp#27;[0;39m] &amp#27;[33mo.s.b.f.s.DefaultSingletonBeanRegistry&amp#27;[0;39m: Creating shared instance of singleton bean 'org.springframework.context.annotation.internalCommonAnnotationProcessor'
&amp#27;[30m2025-04-21 07:27:35,389&amp#27;[0;39m &amp#27;[39mDEBUG&amp#27;[0;39m [&amp#27;[34mmain&amp#27;[0;39m] &amp#27;[33mo.s.b.f.s.DefaultSingletonBeanRegistry&amp#27;[0;39m: Creating shared instance of singleton bean 'org.springframework.context.annotation.internalPersistenceAnnotationProcessor'
&amp#27;[30m2025-04-21 07:27:35,390&amp#27;[0;39m &amp#27;[39mDEBUG&amp#27;[0;39m [&amp#27;[34mmain&amp#27;[0;39m] &amp#27;[33mo.s.b.f.s.DefaultSingletonBeanRegistry&amp#27;[0;39m: Creating shared instance of singleton bean 'org.springframework.boot.test.mock.mockito.MockitoPostProcessor$SpyPostProcessor'
&amp#27;[30m2025-04-21 07:27:35,392&amp#27;[0;39m &amp#27;[39mDEBUG&amp#27;[0;39m [&amp#27;[34mmain&amp#27;[0;39m] &amp#27;[33mo.s.b.f.s.DefaultSingletonBeanRegistry&amp#27;[0;39m: Creating shared instance of singleton bean 'org.springframework.boot.context.properties.ConfigurationPropertiesBindingPostProcessor'
&amp#27;[30m2025-04-21 07:27:35,394&amp#27;[0;39m &amp#27;[39mDEBUG&amp#27;[0;39m [&amp#27;[34mmain&amp#27;[0;39m] &amp#27;[33mo.s.b.f.s.DefaultSingletonBeanRegistry&amp#27;[0;39m: Creating shared instance of singleton bean 'org.springframework.boot.context.internalConfigurationPropertiesBinder'
&amp#27;[30m2025-04-21 07:27:35,396&amp#27;[0;39m &amp#27;[39mDEBUG&amp#27;[0;39m [&amp#27;[34mmain&amp#27;[0;39m] &amp#27;[33mo.s.b.f.s.DefaultSingletonBeanRegistry&amp#27;[0;39m: Creating shared instance of singleton bean 'methodValidationPostProcessor'
&amp#27;[30m2025-04-21 07:27:35,398&amp#27;[0;39m &amp#27;[39mDEBUG&amp#27;[0;39m [&amp#27;[34mmain&amp#27;[0;39m] &amp#27;[33mo.s.b.f.s.ConstructorResolver&amp#27;[0;39m: Autowiring by type from bean name 'methodValidationPostProcessor' via factory method to bean named 'environment'
&amp#27;[30m2025-04-21 07:27:35,401&amp#27;[0;39m &amp#27;[39mDEBUG&amp#27;[0;39m [&amp#27;[34mmain&amp#27;[0;39m] &amp#27;[33mo.s.b.f.s.DefaultSingletonBeanRegistry&amp#27;[0;39m: Creating shared instance of singleton bean 'org.springframework.boot.context.properties.EnableConfigurationPropertiesRegistrar.methodValidationExcludeFilter'
&amp#27;[30m2025-04-21 07:27:35,413&amp#27;[0;39m &amp#27;[39mDEBUG&amp#27;[0;39m [&amp#27;[34mmain&amp#27;[0;39m] &amp#27;[33mo.s.b.f.s.DefaultSingletonBeanRegistry&amp#27;[0;39m: Creating shared instance of singleton bean 'projectingArgumentResolverBeanPostProcessor'
&amp#27;[30m2025-04-21 07:27:35,417&amp#27;[0;39m &amp#27;[39mDEBUG&amp#27;[0;39m [&amp#27;[34mmain&amp#27;[0;39m] &amp#27;[33mo.s.u.c.s.UiApplicationContextUtils&amp#27;[0;39m: Unable to locate ThemeSource with name 'themeSource': using default [org.springframework.ui.context.support.ResourceBundleThemeSource@2a801d1e]
&amp#27;[30m2025-04-21 07:27:35,428&amp#27;[0;39m &amp#27;[39mDEBUG&amp#27;[0;39m [&amp#27;[34mmain&amp#27;[0;39m] &amp#27;[33mo.s.b.f.s.DefaultSingletonBeanRegistry&amp#27;[0;39m: Creating shared instance of singleton bean 'org.springframework.test.context.support.internalDynamicPropertyRegistrarBeanInitializer'
&amp#27;[30m2025-04-21 07:27:35,432&amp#27;[0;39m &amp#27;[39mDEBUG&amp#27;[0;39m [&amp#27;[34mmain&amp#27;[0;39m] &amp#27;[33mo.s.b.f.s.DefaultSingletonBeanRegistry&amp#27;[0;39m: Creating shared instance of singleton bean 'crmApplication'
&amp#27;[30m2025-04-21 07:27:35,435&amp#27;[0;39m &amp#27;[39mDEBUG&amp#27;[0;39m [&amp#27;[34mmain&amp#27;[0;39m] &amp#27;[33mo.s.b.f.s.DefaultSingletonBeanRegistry&amp#27;[0;39m: Creating shared instance of singleton bean 'departmentController'
&amp#27;[30m2025-04-21 07:27:35,440&amp#27;[0;39m &amp#27;[39mDEBUG&amp#27;[0;39m [&amp#27;[34mmain&amp#27;[0;39m] &amp#27;[33mo.s.b.f.s.DefaultSingletonBeanRegistry&amp#27;[0;39m: Creating shared instance of singleton bean 'customExceptionHandler'
&amp#27;[30m2025-04-21 07:27:35,445&amp#27;[0;39m &amp#27;[39mDEBUG&amp#27;[0;39m [&amp#27;[34mmain&amp#27;[0;39m] &amp#27;[33mo.s.b.f.s.DefaultSingletonBeanRegistry&amp#27;[0;39m: Creating shared instance of singleton bean 'org.springframework.boot.autoconfigure.AutoConfigurationPackages'
&amp#27;[30m2025-04-21 07:27:35,448&amp#27;[0;39m &amp#27;[39mDEBUG&amp#27;[0;39m [&amp#27;[34mmain&amp#27;[0;39m] &amp#27;[33mo.s.b.f.s.DefaultSingletonBeanRegistry&amp#27;[0;39m: Creating shared instance of singleton bean 'org.springframework.boot.autoconfigure.task.TaskExecutorConfigurations$ThreadPoolTaskExecutorBuilderConfiguration'
&amp#27;[30m2025-04-21 07:27:35,449&amp#27;[0;39m &amp#27;[39mDEBUG&amp#27;[0;39m [&amp#27;[34mmain&amp#27;[0;39m] &amp#27;[33mo.s.b.f.s.DefaultSingletonBeanRegistry&amp#27;[0;39m: Creating shared instance of singleton bean 'threadPoolTaskExecutorBuilder'
&amp#27;[30m2025-04-21 07:27:35,451&amp#27;[0;39m &amp#27;[39mDEBUG&amp#27;[0;39m [&amp#27;[34mmain&amp#27;[0;39m] &amp#27;[33mo.s.b.f.s.DefaultSingletonBeanRegistry&amp#27;[0;39m: Creating shared instance of singleton bean 'spring.task.execution-org.springframework.boot.autoconfigure.task.TaskExecutionProperties'
&amp#27;[30m2025-04-21 07:27:35,453&amp#27;[0;39m &amp#27;[39mDEBUG&amp#27;[0;39m [&amp#27;[34mmain&amp#27;[0;39m] &amp#27;[33mo.s.b.f.s.DefaultSingletonBeanRegistry&amp#27;[0;39m: Creating shared instance of singleton bean 'org.springframework.boot.context.properties.BoundConfigurationProperties'
&amp#27;[30m2025-04-21 07:27:35,467&amp#27;[0;39m &amp#27;[39mDEBUG&amp#27;[0;39m [&amp#27;[34mmain&amp#27;[0;39m] &amp#27;[33mo.s.b.f.s.ConstructorResolver&amp#27;[0;39m: Autowiring by type from bean name 'threadPoolTaskExecutorBuilder' via factory method to bean named 'spring.task.execution-org.springframework.boot.autoconfigure.task.TaskExecutionProperties'
&amp#27;[30m2025-04-21 07:27:35,472&amp#27;[0;39m &amp#27;[39mDEBUG&amp#27;[0;39m [&amp#27;[34mmain&amp#27;[0;39m] &amp#27;[33mo.s.b.f.s.DefaultSingletonBeanRegistry&amp#27;[0;39m: Creating shared instance of singleton bean 'org.springframework.boot.autoconfigure.task.TaskExecutorConfigurations$SimpleAsyncTaskExecutorBuilderConfiguration'
&amp#27;[30m2025-04-21 07:27:35,473&amp#27;[0;39m &amp#27;[39mDEBUG&amp#27;[0;39m [&amp#27;[34mmain&amp#27;[0;39m] &amp#27;[33mo.s.b.f.s.ConstructorResolver&amp#27;[0;39m: Autowiring by type from bean name 'org.springframework.boot.autoconfigure.task.TaskExecutorConfigurations$SimpleAsyncTaskExecutorBuilderConfiguration' via constructor to bean named 'spring.task.execution-org.springframework.boot.autoconfigure.task.TaskExecutionProperties'
&amp#27;[30m2025-04-21 07:27:35,475&amp#27;[0;39m &amp#27;[39mDEBUG&amp#27;[0;39m [&amp#27;[34mmain&amp#27;[0;39m] &amp#27;[33mo.s.b.f.s.DefaultSingletonBeanRegistry&amp#27;[0;39m: Creating shared instance of singleton bean 'simpleAsyncTaskExecutorBuilder'
&amp#27;[30m2025-04-21 07:27:35,478&amp#27;[0;39m &amp#27;[39mDEBUG&amp#27;[0;39m [&amp#27;[34mmain&amp#27;[0;39m] &amp#27;[33mo.s.b.f.s.DefaultSingletonBeanRegistry&amp#27;[0;39m: Creating shared instance of singleton bean 'org.springframework.boot.autoconfigure.task.TaskExecutorConfigurations$TaskExecutorConfiguration'
&amp#27;[30m2025-04-21 07:27:35,479&amp#27;[0;39m &amp#27;[39mDEBUG&amp#27;[0;39m [&amp#27;[34mmain&amp#27;[0;39m] &amp#27;[33mo.s.b.f.s.DefaultSingletonBeanRegistry&amp#27;[0;39m: Creating shared instance of singleton bean 'org.springframework.boot.autoconfigure.task.TaskExecutionAutoConfiguration'
&amp#27;[30m2025-04-21 07:27:35,480&amp#27;[0;39m &amp#27;[39mDEBUG&amp#27;[0;39m [&amp#27;[34mmain&amp#27;[0;39m] &amp#27;[33mo.s.b.f.s.DefaultSingletonBeanRegistry&amp#27;[0;39m: Creating shared instance of singleton bean 'org.springframework.boot.autoconfigure.validation.ValidationAutoConfiguration'
&amp#27;[30m2025-04-21 07:27:35,481&amp#27;[0;39m &amp#27;[39mDEBUG&amp#27;[0;39m [&amp#27;[34mmain&amp#27;[0;39m] &amp#27;[33mo.s.b.f.s.DefaultSingletonBeanRegistry&amp#27;[0;39m: Creating shared instance of singleton bean 'defaultValidator'
&amp#27;[30m2025-04-21 07:27:35,483&amp#27;[0;39m &amp#27;[39mDEBUG&amp#27;[0;39m [&amp#27;[34mmain&amp#27;[0;39m] &amp#27;[33mo.s.b.f.s.ConstructorResolver&amp#27;[0;39m: Autowiring by type from bean name 'defaultValidator' via factory method to bean named 'org.springframework.web.context.support.GenericWebApplicationContext@79a81557'
&amp#27;[30m2025-04-21 07:27:35,484&amp#27;[0;39m &amp#27;[39mDEBUG&amp#27;[0;39m [&amp#27;[34mmain&amp#27;[0;39m] &amp#27;[33mo.h.v.m.ResourceBundleMessageInterpolator&amp#27;[0;39m: Loaded expression factory via original TCCL
&amp#27;[30m2025-04-21 07:27:35,488&amp#27;[0;39m &amp#27;[39mDEBUG&amp#27;[0;39m [&amp#27;[34mmain&amp#27;[0;39m] &amp#27;[33mo.h.v.i.e.AbstractConfigurationImpl&amp#27;[0;39m: Setting custom MessageInterpolator of type org.springframework.validation.beanvalidation.LocaleContextMessageInterpolator
&amp#27;[30m2025-04-21 07:27:35,489&amp#27;[0;39m &amp#27;[39mDEBUG&amp#27;[0;39m [&amp#27;[34mmain&amp#27;[0;39m] &amp#27;[33mo.h.v.i.e.AbstractConfigurationImpl&amp#27;[0;39m: Setting custom ConstraintValidatorFactory of type org.springframework.validation.beanvalidation.SpringConstraintValidatorFactory
&amp#27;[30m2025-04-21 07:27:35,491&amp#27;[0;39m &amp#27;[39mDEBUG&amp#27;[0;39m [&amp#27;[34mmain&amp#27;[0;39m] &amp#27;[33mo.h.v.i.x.c.ValidationXmlParser&amp#27;[0;39m: Trying to load META-INF/validation.xml for XML based Validator configuration.
&amp#27;[30m2025-04-21 07:27:35,492&amp#27;[0;39m &amp#27;[39mDEBUG&amp#27;[0;39m [&amp#27;[34mmain&amp#27;[0;39m] &amp#27;[33mo.h.v.i.x.c.ResourceLoaderHelper&amp#27;[0;39m: Trying to load META-INF/validation.xml via user class loader
&amp#27;[30m2025-04-21 07:27:35,492&amp#27;[0;39m &amp#27;[39mDEBUG&amp#27;[0;39m [&amp#27;[34mmain&amp#27;[0;39m] &amp#27;[33mo.h.v.i.x.c.ResourceLoaderHelper&amp#27;[0;39m: Trying to load META-INF/validation.xml via TCCL
&amp#27;[30m2025-04-21 07:27:35,493&amp#27;[0;39m &amp#27;[39mDEBUG&amp#27;[0;39m [&amp#27;[34mmain&amp#27;[0;39m] &amp#27;[33mo.h.v.i.x.c.ResourceLoaderHelper&amp#27;[0;39m: Trying to load META-INF/validation.xml via Hibernate Validator's class loader
&amp#27;[30m2025-04-21 07:27:35,493&amp#27;[0;39m &amp#27;[39mDEBUG&amp#27;[0;39m [&amp#27;[34mmain&amp#27;[0;39m] &amp#27;[33mo.h.v.i.x.c.ValidationXmlParser&amp#27;[0;39m: No META-INF/validation.xml found. Using annotation based configuration only.
&amp#27;[30m2025-04-21 07:27:35,494&amp#27;[0;39m &amp#27;[39mDEBUG&amp#27;[0;39m [&amp#27;[34mmain&amp#27;[0;39m] &amp#27;[33mo.h.v.i.e.r.TraversableResolvers&amp#27;[0;39m: Found jakarta.persistence.Persistence on classpath containing 'getPersistenceUtil'. Assuming JPA 2 environment. Trying to instantiate JPA aware TraversableResolver
&amp#27;[30m2025-04-21 07:27:35,494&amp#27;[0;39m &amp#27;[39mDEBUG&amp#27;[0;39m [&amp#27;[34mmain&amp#27;[0;39m] &amp#27;[33mo.h.v.i.e.r.TraversableResolvers&amp#27;[0;39m: Instantiated JPA aware TraversableResolver of type org.hibernate.validator.internal.engine.resolver.JPATraversableResolver.
&amp#27;[30m2025-04-21 07:27:35,499&amp#27;[0;39m &amp#27;[39mDEBUG&amp#27;[0;39m [&amp#27;[34mmain&amp#27;[0;39m] &amp#27;[33mo.h.v.i.e.ValidatorFactoryConfigurationHelper&amp#27;[0;39m: HV000252: Using org.hibernate.validator.internal.engine.DefaultPropertyNodeNameProvider as property node name provider.
&amp#27;[30m2025-04-21 07:27:35,501&amp#27;[0;39m &amp#27;[39mDEBUG&amp#27;[0;39m [&amp#27;[34mmain&amp#27;[0;39m] &amp#27;[33mo.h.v.i.e.ValidatorFactoryConfigurationHelper&amp#27;[0;39m: HV000234: Using org.springframework.validation.beanvalidation.LocaleContextMessageInterpolator as ValidatorFactory-scoped message interpolator.
&amp#27;[30m2025-04-21 07:27:35,501&amp#27;[0;39m &amp#27;[39mDEBUG&amp#27;[0;39m [&amp#27;[34mmain&amp#27;[0;39m] &amp#27;[33mo.h.v.i.e.ValidatorFactoryConfigurationHelper&amp#27;[0;39m: HV000234: Using org.hibernate.validator.internal.engine.resolver.JPATraversableResolver as ValidatorFactory-scoped traversable resolver.
&amp#27;[30m2025-04-21 07:27:35,502&amp#27;[0;39m &amp#27;[39mDEBUG&amp#27;[0;39m [&amp#27;[34mmain&amp#27;[0;39m] &amp#27;[33mo.h.v.i.e.ValidatorFactoryConfigurationHelper&amp#27;[0;39m: HV000234: Using org.hibernate.validator.internal.util.ExecutableParameterNameProvider as ValidatorFactory-scoped parameter name provider.
&amp#27;[30m2025-04-21 07:27:35,502&amp#27;[0;39m &amp#27;[39mDEBUG&amp#27;[0;39m [&amp#27;[34mmain&amp#27;[0;39m] &amp#27;[33mo.h.v.i.e.ValidatorFactoryConfigurationHelper&amp#27;[0;39m: HV000234: Using org.hibernate.validator.internal.engine.DefaultClockProvider as ValidatorFactory-scoped clock provider.
&amp#27;[30m2025-04-21 07:27:35,502&amp#27;[0;39m &amp#27;[39mDEBUG&amp#27;[0;39m [&amp#27;[34mmain&amp#27;[0;39m] &amp#27;[33mo.h.v.i.e.ValidatorFactoryConfigurationHelper&amp#27;[0;39m: HV000234: Using org.hibernate.validator.internal.engine.scripting.DefaultScriptEvaluatorFactory as ValidatorFactory-scoped script evaluator factory.
&amp#27;[30m2025-04-21 07:27:35,505&amp#27;[0;39m &amp#27;[39mDEBUG&amp#27;[0;39m [&amp#27;[34mmain&amp#27;[0;39m] &amp#27;[33mo.s.b.f.s.DefaultSingletonBeanRegistry&amp#27;[0;39m: Creating shared instance of singleton bean 'org.springframework.boot.autoconfigure.web.servlet.error.ErrorMvcAutoConfiguration$WhitelabelErrorViewConfiguration'
&amp#27;[30m2025-04-21 07:27:35,507&amp#27;[0;39m &amp#27;[39mDEBUG&amp#27;[0;39m [&amp#27;[34mmain&amp#27;[0;39m] &amp#27;[33mo.s.b.f.s.DefaultSingletonBeanRegistry&amp#27;[0;39m: Creating shared instance of singleton bean 'error'
&amp#27;[30m2025-04-21 07:27:35,509&amp#27;[0;39m &amp#27;[39mDEBUG&amp#27;[0;39m [&amp#27;[34mmain&amp#27;[0;39m] &amp#27;[33mo.s.b.f.s.DefaultSingletonBeanRegistry&amp#27;[0;39m: Creating shared instance of singleton bean 'beanNameViewResolver'
&amp#27;[30m2025-04-21 07:27:35,511&amp#27;[0;39m &amp#27;[39mDEBUG&amp#27;[0;39m [&amp#27;[34mmain&amp#27;[0;39m] &amp#27;[33mo.s.b.f.s.DefaultSingletonBeanRegistry&amp#27;[0;39m: Creating shared instance of singleton bean 'org.springframework.boot.autoconfigure.web.servlet.error.ErrorMvcAutoConfiguration$DefaultErrorViewResolverConfiguration'
&amp#27;[30m2025-04-21 07:27:35,513&amp#27;[0;39m &amp#27;[39mDEBUG&amp#27;[0;39m [&amp#27;[34mmain&amp#27;[0;39m] &amp#27;[33mo.s.b.f.s.DefaultSingletonBeanRegistry&amp#27;[0;39m: Creating shared instance of singleton bean 'spring.web-org.springframework.boot.autoconfigure.web.WebProperties'
&amp#27;[30m2025-04-21 07:27:35,519&amp#27;[0;39m &amp#27;[39mDEBUG&amp#27;[0;39m [&amp#27;[34mmain&amp#27;[0;39m] &amp#27;[33mo.s.b.f.s.ConstructorResolver&amp#27;[0;39m: Autowiring by type from bean name 'org.springframework.boot.autoconfigure.web.servlet.error.ErrorMvcAutoConfiguration$DefaultErrorViewResolverConfiguration' via constructor to bean named 'org.springframework.web.context.support.GenericWebApplicationContext@79a81557'
&amp#27;[30m2025-04-21 07:27:35,520&amp#27;[0;39m &amp#27;[39mDEBUG&amp#27;[0;39m [&amp#27;[34mmain&amp#27;[0;39m] &amp#27;[33mo.s.b.f.s.ConstructorResolver&amp#27;[0;39m: Autowiring by type from bean name 'org.springframework.boot.autoconfigure.web.servlet.error.ErrorMvcAutoConfiguration$DefaultErrorViewResolverConfiguration' via constructor to bean named 'spring.web-org.springframework.boot.autoconfigure.web.WebProperties'
&amp#27;[30m2025-04-21 07:27:35,521&amp#27;[0;39m &amp#27;[39mDEBUG&amp#27;[0;39m [&amp#27;[34mmain&amp#27;[0;39m] &amp#27;[33mo.s.b.f.s.DefaultSingletonBeanRegistry&amp#27;[0;39m: Creating shared instance of singleton bean 'spring.mvc-org.springframework.boot.autoconfigure.web.servlet.WebMvcProperties'
&amp#27;[30m2025-04-21 07:27:35,537&amp#27;[0;39m &amp#27;[39mDEBUG&amp#27;[0;39m [&amp#27;[34mmain&amp#27;[0;39m] &amp#27;[33mo.s.b.f.s.DefaultSingletonBeanRegistry&amp#27;[0;39m: Creating shared instance of singleton bean 'org.springframework.boot.autoconfigure.web.servlet.error.ErrorMvcAutoConfiguration'
&amp#27;[30m2025-04-21 07:27:35,539&amp#27;[0;39m &amp#27;[39mDEBUG&amp#27;[0;39m [&amp#27;[34mmain&amp#27;[0;39m] &amp#27;[33mo.s.b.f.s.DefaultSingletonBeanRegistry&amp#27;[0;39m: Creating shared instance of singleton bean 'server-org.springframework.boot.autoconfigure.web.ServerProperties'
&amp#27;[30m2025-04-21 07:27:35,552&amp#27;[0;39m &amp#27;[39mDEBUG&amp#27;[0;39m [&amp#27;[34mmain&amp#27;[0;39m] &amp#27;[33mo.s.b.f.s.ConstructorResolver&amp#27;[0;39m: Autowiring by type from bean name 'org.springframework.boot.autoconfigure.web.servlet.error.ErrorMvcAutoConfiguration' via constructor to bean named 'server-org.springframework.boot.autoconfigure.web.ServerProperties'
&amp#27;[30m2025-04-21 07:27:35,554&amp#27;[0;39m &amp#27;[39mDEBUG&amp#27;[0;39m [&amp#27;[34mmain&amp#27;[0;39m] &amp#27;[33mo.s.b.f.s.DefaultSingletonBeanRegistry&amp#27;[0;39m: Creating shared instance of singleton bean 'errorAttributes'
&amp#27;[30m2025-04-21 07:27:35,558&amp#27;[0;39m &amp#27;[39mDEBUG&amp#27;[0;39m [&amp#27;[34mmain&amp#27;[0;39m] &amp#27;[33mo.s.b.f.s.DefaultSingletonBeanRegistry&amp#27;[0;39m: Creating shared instance of singleton bean 'basicErrorController'
&amp#27;[30m2025-04-21 07:27:35,560&amp#27;[0;39m &amp#27;[39mDEBUG&amp#27;[0;39m [&amp#27;[34mmain&amp#27;[0;39m] &amp#27;[33mo.s.b.f.s.ConstructorResolver&amp#27;[0;39m: Autowiring by type from bean name 'basicErrorController' via factory method to bean named 'errorAttributes'
&amp#27;[30m2025-04-21 07:27:35,566&amp#27;[0;39m &amp#27;[39mDEBUG&amp#27;[0;39m [&amp#27;[34mmain&amp#27;[0;39m] &amp#27;[33mo.s.b.f.s.DefaultSingletonBeanRegistry&amp#27;[0;39m: Creating shared instance of singleton bean 'errorPageCustomizer'
&amp#27;[30m2025-04-21 07:27:35,568&amp#27;[0;39m &amp#27;[39mDEBUG&amp#27;[0;39m [&amp#27;[34mmain&amp#27;[0;39m] &amp#27;[33mo.s.b.f.s.DefaultSingletonBeanRegistry&amp#27;[0;39m: Creating shared instance of singleton bean 'dispatcherServletPath'
&amp#27;[30m2025-04-21 07:27:35,569&amp#27;[0;39m &amp#27;[39mDEBUG&amp#27;[0;39m [&amp#27;[34mmain&amp#27;[0;39m] &amp#27;[33mo.s.b.f.s.DefaultSingletonBeanRegistry&amp#27;[0;39m: Creating shared instance of singleton bean 'org.springframework.boot.test.autoconfigure.web.servlet.MockMvcAutoConfiguration'
&amp#27;[30m2025-04-21 07:27:35,573&amp#27;[0;39m &amp#27;[39mDEBUG&amp#27;[0;39m [&amp#27;[34mmain&amp#27;[0;39m] &amp#27;[33mo.s.b.f.s.ConstructorResolver&amp#27;[0;39m: Autowiring by type from bean name 'dispatcherServletPath' via factory method to bean named 'spring.mvc-org.springframework.boot.autoconfigure.web.servlet.WebMvcProperties'
&amp#27;[30m2025-04-21 07:27:35,579&amp#27;[0;39m &amp#27;[39mDEBUG&amp#27;[0;39m [&amp#27;[34mmain&amp#27;[0;39m] &amp#27;[33mo.s.b.f.s.ConstructorResolver&amp#27;[0;39m: Autowiring by type from bean name 'errorPageCustomizer' via factory method to bean named 'dispatcherServletPath'
&amp#27;[30m2025-04-21 07:27:35,582&amp#27;[0;39m &amp#27;[39mDEBUG&amp#27;[0;39m [&amp#27;[34mmain&amp#27;[0;39m] &amp#27;[33mo.s.b.f.s.DefaultSingletonBeanRegistry&amp#27;[0;39m: Creating shared instance of singleton bean 'org.springframework.boot.autoconfigure.web.servlet.WebMvcAutoConfiguration$EnableWebMvcConfiguration'
&amp#27;[30m2025-04-21 07:27:35,585&amp#27;[0;39m &amp#27;[39mDEBUG&amp#27;[0;39m [&amp#27;[34mmain&amp#27;[0;39m] &amp#27;[33mo.s.b.f.s.ConstructorResolver&amp#27;[0;39m: Autowiring by type from bean name 'org.springframework.boot.autoconfigure.web.servlet.WebMvcAutoConfiguration$EnableWebMvcConfiguration' via constructor to bean named 'spring.mvc-org.springframework.boot.autoconfigure.web.servlet.WebMvcProperties'
&amp#27;[30m2025-04-21 07:27:35,586&amp#27;[0;39m &amp#27;[39mDEBUG&amp#27;[0;39m [&amp#27;[34mmain&amp#27;[0;39m] &amp#27;[33mo.s.b.f.s.ConstructorResolver&amp#27;[0;39m: Autowiring by type from bean name 'org.springframework.boot.autoconfigure.web.servlet.WebMvcAutoConfiguration$EnableWebMvcConfiguration' via constructor to bean named 'spring.web-org.springframework.boot.autoconfigure.web.WebProperties'
&amp#27;[30m2025-04-21 07:27:35,587&amp#27;[0;39m &amp#27;[39mDEBUG&amp#27;[0;39m [&amp#27;[34mmain&amp#27;[0;39m] &amp#27;[33mo.s.b.f.s.ConstructorResolver&amp#27;[0;39m: Autowiring by type from bean name 'org.springframework.boot.autoconfigure.web.servlet.WebMvcAutoConfiguration$EnableWebMvcConfiguration' via constructor to bean named 'org.springframework.beans.factory.support.DefaultListableBeanFactory@753f1c3e'
&amp#27;[30m2025-04-21 07:27:35,600&amp#27;[0;39m &amp#27;[39mDEBUG&amp#27;[0;39m [&amp#27;[34mmain&amp#27;[0;39m] &amp#27;[33mo.s.b.f.s.DefaultSingletonBeanRegistry&amp#27;[0;39m: Creating shared instance of singleton bean 'org.springframework.boot.autoconfigure.web.servlet.WebMvcAutoConfiguration$WebMvcAutoConfigurationAdapter'
&amp#27;[30m2025-04-21 07:27:35,602&amp#27;[0;39m &amp#27;[39mDEBUG&amp#27;[0;39m [&amp#27;[34mmain&amp#27;[0;39m] &amp#27;[33mo.s.b.f.s.ConstructorResolver&amp#27;[0;39m: Autowiring by type from bean name 'org.springframework.boot.autoconfigure.web.servlet.WebMvcAutoConfiguration$WebMvcAutoConfigurationAdapter' via constructor to bean named 'spring.web-org.springframework.boot.autoconfigure.web.WebProperties'
&amp#27;[30m2025-04-21 07:27:35,603&amp#27;[0;39m &amp#27;[39mDEBUG&amp#27;[0;39m [&amp#27;[34mmain&amp#27;[0;39m] &amp#27;[33mo.s.b.f.s.ConstructorResolver&amp#27;[0;39m: Autowiring by type from bean name 'org.springframework.boot.autoconfigure.web.servlet.WebMvcAutoConfiguration$WebMvcAutoConfigurationAdapter' via constructor to bean named 'spring.mvc-org.springframework.boot.autoconfigure.web.servlet.WebMvcProperties'
&amp#27;[30m2025-04-21 07:27:35,603&amp#27;[0;39m &amp#27;[39mDEBUG&amp#27;[0;39m [&amp#27;[34mmain&amp#27;[0;39m] &amp#27;[33mo.s.b.f.s.ConstructorResolver&amp#27;[0;39m: Autowiring by type from bean name 'org.springframework.boot.autoconfigure.web.servlet.WebMvcAutoConfiguration$WebMvcAutoConfigurationAdapter' via constructor to bean named 'org.springframework.beans.factory.support.DefaultListableBeanFactory@753f1c3e'
&amp#27;[30m2025-04-21 07:27:35,608&amp#27;[0;39m &amp#27;[39mDEBUG&amp#27;[0;39m [&amp#27;[34mmain&amp#27;[0;39m] &amp#27;[33mo.s.b.f.s.DefaultSingletonBeanRegistry&amp#27;[0;39m: Creating shared instance of singleton bean 'org.springframework.data.web.config.SpringDataWebConfiguration'
&amp#27;[30m2025-04-21 07:27:35,610&amp#27;[0;39m &amp#27;[39mDEBUG&amp#27;[0;39m [&amp#27;[34mmain&amp#27;[0;39m] &amp#27;[33mo.s.b.f.s.ConstructorResolver&amp#27;[0;39m: Autowiring by type from bean name 'org.springframework.data.web.config.SpringDataWebConfiguration' via constructor to bean named 'org.springframework.web.context.support.GenericWebApplicationContext@79a81557'
&amp#27;[30m2025-04-21 07:27:35,612&amp#27;[0;39m &amp#27;[39mDEBUG&amp#27;[0;39m [&amp#27;[34mmain&amp#27;[0;39m] &amp#27;[33mo.s.b.f.s.DefaultSingletonBeanRegistry&amp#27;[0;39m: Creating shared instance of singleton bean 'org.springframework.security.config.annotation.web.configuration.WebMvcSecurityConfiguration'
&amp#27;[30m2025-04-21 07:27:35,615&amp#27;[0;39m &amp#27;[39mDEBUG&amp#27;[0;39m [&amp#27;[34mmain&amp#27;[0;39m] &amp#27;[33mo.s.b.f.s.DefaultSingletonBeanRegistry&amp#27;[0;39m: Creating shared instance of singleton bean 'welcomePageHandlerMapping'
&amp#27;[30m2025-04-21 07:27:35,616&amp#27;[0;39m &amp#27;[39mDEBUG&amp#27;[0;39m [&amp#27;[34mmain&amp#27;[0;39m] &amp#27;[33mo.s.b.f.s.DefaultSingletonBeanRegistry&amp#27;[0;39m: Creating shared instance of singleton bean 'mvcConversionService'
&amp#27;[30m2025-04-21 07:27:35,622&amp#27;[0;39m &amp#27;[39mDEBUG&amp#27;[0;39m [&amp#27;[34mmain&amp#27;[0;39m] &amp#27;[33mo.s.b.f.s.DefaultSingletonBeanRegistry&amp#27;[0;39m: Creating shared instance of singleton bean 'mvcResourceUrlProvider'
&amp#27;[30m2025-04-21 07:27:35,624&amp#27;[0;39m &amp#27;[39mDEBUG&amp#27;[0;39m [&amp#27;[34mmain&amp#27;[0;39m] &amp#27;[33mo.s.b.f.s.ConstructorResolver&amp#27;[0;39m: Autowiring by type from bean name 'welcomePageHandlerMapping' via factory method to bean named 'org.springframework.web.context.support.GenericWebApplicationContext@79a81557'
&amp#27;[30m2025-04-21 07:27:35,624&amp#27;[0;39m &amp#27;[39mDEBUG&amp#27;[0;39m [&amp#27;[34mmain&amp#27;[0;39m] &amp#27;[33mo.s.b.f.s.ConstructorResolver&amp#27;[0;39m: Autowiring by type from bean name 'welcomePageHandlerMapping' via factory method to bean named 'mvcConversionService'
&amp#27;[30m2025-04-21 07:27:35,624&amp#27;[0;39m &amp#27;[39mDEBUG&amp#27;[0;39m [&amp#27;[34mmain&amp#27;[0;39m] &amp#27;[33mo.s.b.f.s.ConstructorResolver&amp#27;[0;39m: Autowiring by type from bean name 'welcomePageHandlerMapping' via factory method to bean named 'mvcResourceUrlProvider'
&amp#27;[30m2025-04-21 07:27:35,631&amp#27;[0;39m &amp#27;[39mDEBUG&amp#27;[0;39m [&amp#27;[34mmain&amp#27;[0;39m] &amp#27;[33mo.s.b.f.s.DefaultSingletonBeanRegistry&amp#27;[0;39m: Creating shared instance of singleton bean 'welcomePageNotAcceptableHandlerMapping'
&amp#27;[30m2025-04-21 07:27:35,632&amp#27;[0;39m &amp#27;[39mDEBUG&amp#27;[0;39m [&amp#27;[34mmain&amp#27;[0;39m] &amp#27;[33mo.s.b.f.s.ConstructorResolver&amp#27;[0;39m: Autowiring by type from bean name 'welcomePageNotAcceptableHandlerMapping' via factory method to bean named 'org.springframework.web.context.support.GenericWebApplicationContext@79a81557'
&amp#27;[30m2025-04-21 07:27:35,632&amp#27;[0;39m &amp#27;[39mDEBUG&amp#27;[0;39m [&amp#27;[34mmain&amp#27;[0;39m] &amp#27;[33mo.s.b.f.s.ConstructorResolver&amp#27;[0;39m: Autowiring by type from bean name 'welcomePageNotAcceptableHandlerMapping' via factory method to bean named 'mvcConversionService'
&amp#27;[30m2025-04-21 07:27:35,633&amp#27;[0;39m &amp#27;[39mDEBUG&amp#27;[0;39m [&amp#27;[34mmain&amp#27;[0;39m] &amp#27;[33mo.s.b.f.s.ConstructorResolver&amp#27;[0;39m: Autowiring by type from bean name 'welcomePageNotAcceptableHandlerMapping' via factory method to bean named 'mvcResourceUrlProvider'
&amp#27;[30m2025-04-21 07:27:35,638&amp#27;[0;39m &amp#27;[39mDEBUG&amp#27;[0;39m [&amp#27;[34mmain&amp#27;[0;39m] &amp#27;[33mo.s.b.f.s.DefaultSingletonBeanRegistry&amp#27;[0;39m: Creating shared instance of singleton bean 'localeResolver'
&amp#27;[30m2025-04-21 07:27:35,639&amp#27;[0;39m &amp#27;[39mDEBUG&amp#27;[0;39m [&amp#27;[34mmain&amp#27;[0;39m] &amp#27;[33mo.s.b.f.s.DefaultSingletonBeanRegistry&amp#27;[0;39m: Creating shared instance of singleton bean 'themeResolver'
&amp#27;[30m2025-04-21 07:27:35,640&amp#27;[0;39m &amp#27;[39mDEBUG&amp#27;[0;39m [&amp#27;[34mmain&amp#27;[0;39m] &amp#27;[33mo.s.b.f.s.DefaultSingletonBeanRegistry&amp#27;[0;39m: Creating shared instance of singleton bean 'flashMapManager'
&amp#27;[30m2025-04-21 07:27:35,642&amp#27;[0;39m &amp#27;[39mDEBUG&amp#27;[0;39m [&amp#27;[34mmain&amp#27;[0;39m] &amp#27;[33mo.s.b.f.s.DefaultSingletonBeanRegistry&amp#27;[0;39m: Creating shared instance of singleton bean 'viewNameTranslator'
&amp#27;[30m2025-04-21 07:27:35,643&amp#27;[0;39m &amp#27;[39mDEBUG&amp#27;[0;39m [&amp#27;[34mmain&amp#27;[0;39m] &amp#27;[33mo.s.b.f.s.DefaultSingletonBeanRegistry&amp#27;[0;39m: Creating shared instance of singleton bean 'mvcValidator'
&amp#27;[30m2025-04-21 07:27:35,646&amp#27;[0;39m &amp#27;[39mDEBUG&amp#27;[0;39m [&amp#27;[34mmain&amp#27;[0;39m] &amp#27;[33mo.s.b.f.s.DefaultSingletonBeanRegistry&amp#27;[0;39m: Creating shared instance of singleton bean 'mvcContentNegotiationManager'
&amp#27;[30m2025-04-21 07:27:35,649&amp#27;[0;39m &amp#27;[39mDEBUG&amp#27;[0;39m [&amp#27;[34mmain&amp#27;[0;39m] &amp#27;[33mo.s.b.f.s.DefaultSingletonBeanRegistry&amp#27;[0;39m: Creating shared instance of singleton bean 'requestMappingHandlerMapping'
&amp#27;[30m2025-04-21 07:27:35,652&amp#27;[0;39m &amp#27;[39mDEBUG&amp#27;[0;39m [&amp#27;[34mmain&amp#27;[0;39m] &amp#27;[33mo.s.b.f.s.ConstructorResolver&amp#27;[0;39m: Autowiring by type from bean name 'requestMappingHandlerMapping' via factory method to bean named 'mvcContentNegotiationManager'
&amp#27;[30m2025-04-21 07:27:35,653&amp#27;[0;39m &amp#27;[39mDEBUG&amp#27;[0;39m [&amp#27;[34mmain&amp#27;[0;39m] &amp#27;[33mo.s.b.f.s.ConstructorResolver&amp#27;[0;39m: Autowiring by type from bean name 'requestMappingHandlerMapping' via factory method to bean named 'mvcConversionService'
&amp#27;[30m2025-04-21 07:27:35,653&amp#27;[0;39m &amp#27;[39mDEBUG&amp#27;[0;39m [&amp#27;[34mmain&amp#27;[0;39m] &amp#27;[33mo.s.b.f.s.ConstructorResolver&amp#27;[0;39m: Autowiring by type from bean name 'requestMappingHandlerMapping' via factory method to bean named 'mvcResourceUrlProvider'
&amp#27;[30m2025-04-21 07:27:35,667&amp#27;[0;39m &amp#27;[39mDEBUG&amp#27;[0;39m [&amp#27;[34mmain&amp#27;[0;39m] &amp#27;[33mo.s.w.s.h.AbstractHandlerMethodMapping&amp#27;[0;39m: 
	i.r.r.u.c.DepartmentController:
	{POST [/api/departments], consumes [application/json], produces [application/json]}: addDepartment(Department)
	{GET [/api/departments], produces [application/json]}: getDepartments()
	{PUT [/api/departments/{departmentId}], consumes [application/json], produces [application/json]}: updateDepartment(Long,Department)
	{GET [/api/departments/{departmentId}], produces [application/json]}: getDepartment(Long)
	{DELETE [/api/departments/{departmentId}], produces [application/json]}: deleteDepartment(Long)
&amp#27;[30m2025-04-21 07:27:35,680&amp#27;[0;39m &amp#27;[39mDEBUG&amp#27;[0;39m [&amp#27;[34mmain&amp#27;[0;39m] &amp#27;[33mo.s.w.s.h.AbstractHandlerMethodMapping&amp#27;[0;39m: 
	o.s.b.a.w.s.e.BasicErrorController:
	{ [/error]}: error(HttpServletRequest)
	{ [/error], produces [text/html]}: errorHtml(HttpServletRequest,HttpServletResponse)
&amp#27;[30m2025-04-21 07:27:35,684&amp#27;[0;39m &amp#27;[39mDEBUG&amp#27;[0;39m [&amp#27;[34mmain&amp#27;[0;39m] &amp#27;[33mo.s.w.s.h.AbstractHandlerMethodMapping&amp#27;[0;39m: 7 mappings in 'requestMappingHandlerMapping'
&amp#27;[30m2025-04-21 07:27:35,686&amp#27;[0;39m &amp#27;[39mDEBUG&amp#27;[0;39m [&amp#27;[34mmain&amp#27;[0;39m] &amp#27;[33mo.s.b.f.s.DefaultSingletonBeanRegistry&amp#27;[0;39m: Creating shared instance of singleton bean 'mvcPatternParser'
&amp#27;[30m2025-04-21 07:27:35,687&amp#27;[0;39m &amp#27;[39mDEBUG&amp#27;[0;39m [&amp#27;[34mmain&amp#27;[0;39m] &amp#27;[33mo.s.b.f.s.DefaultSingletonBeanRegistry&amp#27;[0;39m: Creating shared instance of singleton bean 'mvcUrlPathHelper'
&amp#27;[30m2025-04-21 07:27:35,688&amp#27;[0;39m &amp#27;[39mDEBUG&amp#27;[0;39m [&amp#27;[34mmain&amp#27;[0;39m] &amp#27;[33mo.s.b.f.s.DefaultSingletonBeanRegistry&amp#27;[0;39m: Creating shared instance of singleton bean 'mvcPathMatcher'
&amp#27;[30m2025-04-21 07:27:35,689&amp#27;[0;39m &amp#27;[39mDEBUG&amp#27;[0;39m [&amp#27;[34mmain&amp#27;[0;39m] &amp#27;[33mo.s.b.f.s.DefaultSingletonBeanRegistry&amp#27;[0;39m: Creating shared instance of singleton bean 'viewControllerHandlerMapping'
&amp#27;[30m2025-04-21 07:27:35,690&amp#27;[0;39m &amp#27;[39mDEBUG&amp#27;[0;39m [&amp#27;[34mmain&amp#27;[0;39m] &amp#27;[33mo.s.b.f.s.ConstructorResolver&amp#27;[0;39m: Autowiring by type from bean name 'viewControllerHandlerMapping' via factory method to bean named 'mvcConversionService'
&amp#27;[30m2025-04-21 07:27:35,691&amp#27;[0;39m &amp#27;[39mDEBUG&amp#27;[0;39m [&amp#27;[34mmain&amp#27;[0;39m] &amp#27;[33mo.s.b.f.s.ConstructorResolver&amp#27;[0;39m: Autowiring by type from bean name 'viewControllerHandlerMapping' via factory method to bean named 'mvcResourceUrlProvider'
&amp#27;[30m2025-04-21 07:27:35,691&amp#27;[0;39m &amp#27;[39mDEBUG&amp#27;[0;39m [&amp#27;[34mmain&amp#27;[0;39m] &amp#27;[33mo.s.b.f.s.DefaultSingletonBeanRegistry&amp#27;[0;39m: Creating shared instance of singleton bean 'beanNameHandlerMapping'
&amp#27;[30m2025-04-21 07:27:35,692&amp#27;[0;39m &amp#27;[39mDEBUG&amp#27;[0;39m [&amp#27;[34mmain&amp#27;[0;39m] &amp#27;[33mo.s.b.f.s.ConstructorResolver&amp#27;[0;39m: Autowiring by type from bean name 'beanNameHandlerMapping' via factory method to bean named 'mvcConversionService'
&amp#27;[30m2025-04-21 07:27:35,693&amp#27;[0;39m &amp#27;[39mDEBUG&amp#27;[0;39m [&amp#27;[34mmain&amp#27;[0;39m] &amp#27;[33mo.s.b.f.s.ConstructorResolver&amp#27;[0;39m: Autowiring by type from bean name 'beanNameHandlerMapping' via factory method to bean named 'mvcResourceUrlProvider'
&amp#27;[30m2025-04-21 07:27:35,695&amp#27;[0;39m &amp#27;[39mDEBUG&amp#27;[0;39m [&amp#27;[34mmain&amp#27;[0;39m] &amp#27;[33mo.s.w.s.h.AbstractDetectingUrlHandlerMapping&amp#27;[0;39m: 'beanNameHandlerMapping' {}
&amp#27;[30m2025-04-21 07:27:35,696&amp#27;[0;39m &amp#27;[39mDEBUG&amp#27;[0;39m [&amp#27;[34mmain&amp#27;[0;39m] &amp#27;[33mo.s.b.f.s.DefaultSingletonBeanRegistry&amp#27;[0;39m: Creating shared instance of singleton bean 'routerFunctionMapping'
&amp#27;[30m2025-04-21 07:27:35,697&amp#27;[0;39m &amp#27;[39mDEBUG&amp#27;[0;39m [&amp#27;[34mmain&amp#27;[0;39m] &amp#27;[33mo.s.b.f.s.ConstructorResolver&amp#27;[0;39m: Autowiring by type from bean name 'routerFunctionMapping' via factory method to bean named 'mvcConversionService'
&amp#27;[30m2025-04-21 07:27:35,697&amp#27;[0;39m &amp#27;[39mDEBUG&amp#27;[0;39m [&amp#27;[34mmain&amp#27;[0;39m] &amp#27;[33mo.s.b.f.s.ConstructorResolver&amp#27;[0;39m: Autowiring by type from bean name 'routerFunctionMapping' via factory method to bean named 'mvcResourceUrlProvider'
&amp#27;[30m2025-04-21 07:27:35,698&amp#27;[0;39m &amp#27;[39mDEBUG&amp#27;[0;39m [&amp#27;[34mmain&amp#27;[0;39m] &amp#27;[33mo.s.b.f.s.DefaultSingletonBeanRegistry&amp#27;[0;39m: Creating shared instance of singleton bean 'messageConverters'
&amp#27;[30m2025-04-21 07:27:35,699&amp#27;[0;39m &amp#27;[39mDEBUG&amp#27;[0;39m [&amp#27;[34mmain&amp#27;[0;39m] &amp#27;[33mo.s.b.f.s.DefaultSingletonBeanRegistry&amp#27;[0;39m: Creating shared instance of singleton bean 'org.springframework.boot.autoconfigure.http.HttpMessageConvertersAutoConfiguration'
&amp#27;[30m2025-04-21 07:27:35,702&amp#27;[0;39m &amp#27;[39mDEBUG&amp#27;[0;39m [&amp#27;[34mmain&amp#27;[0;39m] &amp#27;[33mo.s.b.f.s.DefaultSingletonBeanRegistry&amp#27;[0;39m: Creating shared instance of singleton bean 'stringHttpMessageConverter'
&amp#27;[30m2025-04-21 07:27:35,702&amp#27;[0;39m &amp#27;[39mDEBUG&amp#27;[0;39m [&amp#27;[34mmain&amp#27;[0;39m] &amp#27;[33mo.s.b.f.s.DefaultSingletonBeanRegistry&amp#27;[0;39m: Creating shared instance of singleton bean 'org.springframework.boot.autoconfigure.http.HttpMessageConvertersAutoConfiguration$StringHttpMessageConverterConfiguration'
&amp#27;[30m2025-04-21 07:27:35,704&amp#27;[0;39m &amp#27;[39mDEBUG&amp#27;[0;39m [&amp#27;[34mmain&amp#27;[0;39m] &amp#27;[33mo.s.b.f.s.ConstructorResolver&amp#27;[0;39m: Autowiring by type from bean name 'stringHttpMessageConverter' via factory method to bean named 'environment'
&amp#27;[30m2025-04-21 07:27:35,711&amp#27;[0;39m &amp#27;[39mDEBUG&amp#27;[0;39m [&amp#27;[34mmain&amp#27;[0;39m] &amp#27;[33mo.s.b.f.s.DefaultSingletonBeanRegistry&amp#27;[0;39m: Creating shared instance of singleton bean 'mappingJackson2HttpMessageConverter'
&amp#27;[30m2025-04-21 07:27:35,711&amp#27;[0;39m &amp#27;[39mDEBUG&amp#27;[0;39m [&amp#27;[34mmain&amp#27;[0;39m] &amp#27;[33mo.s.b.f.s.DefaultSingletonBeanRegistry&amp#27;[0;39m: Creating shared instance of singleton bean 'org.springframework.boot.autoconfigure.http.JacksonHttpMessageConvertersConfiguration$MappingJackson2HttpMessageConverterConfiguration'
&amp#27;[30m2025-04-21 07:27:35,713&amp#27;[0;39m &amp#27;[39mDEBUG&amp#27;[0;39m [&amp#27;[34mmain&amp#27;[0;39m] &amp#27;[33mo.s.b.f.s.DefaultSingletonBeanRegistry&amp#27;[0;39m: Creating shared instance of singleton bean 'jacksonObjectMapper'
&amp#27;[30m2025-04-21 07:27:35,714&amp#27;[0;39m &amp#27;[39mDEBUG&amp#27;[0;39m [&amp#27;[34mmain&amp#27;[0;39m] &amp#27;[33mo.s.b.f.s.DefaultSingletonBeanRegistry&amp#27;[0;39m: Creating shared instance of singleton bean 'org.springframework.boot.autoconfigure.jackson.JacksonAutoConfiguration$JacksonObjectMapperConfiguration'
&amp#27;[30m2025-04-21 07:27:35,716&amp#27;[0;39m &amp#27;[39mDEBUG&amp#27;[0;39m [&amp#27;[34mmain&amp#27;[0;39m] &amp#27;[33mo.s.b.f.s.DefaultSingletonBeanRegistry&amp#27;[0;39m: Creating shared instance of singleton bean 'org.springframework.boot.autoconfigure.jackson.JacksonAutoConfiguration$JacksonObjectMapperBuilderConfiguration'
&amp#27;[30m2025-04-21 07:27:35,718&amp#27;[0;39m &amp#27;[39mDEBUG&amp#27;[0;39m [&amp#27;[34mmain&amp#27;[0;39m] &amp#27;[33mo.s.b.f.s.DefaultSingletonBeanRegistry&amp#27;[0;39m: Creating shared instance of singleton bean 'standardJacksonObjectMapperBuilderCustomizer'
&amp#27;[30m2025-04-21 07:27:35,719&amp#27;[0;39m &amp#27;[39mDEBUG&amp#27;[0;39m [&amp#27;[34mmain&amp#27;[0;39m] &amp#27;[33mo.s.b.f.s.DefaultSingletonBeanRegistry&amp#27;[0;39m: Creating shared instance of singleton bean 'org.springframework.boot.autoconfigure.jackson.JacksonAutoConfiguration$Jackson2ObjectMapperBuilderCustomizerConfiguration'
&amp#27;[30m2025-04-21 07:27:35,721&amp#27;[0;39m &amp#27;[39mDEBUG&amp#27;[0;39m [&amp#27;[34mmain&amp#27;[0;39m] &amp#27;[33mo.s.b.f.s.DefaultSingletonBeanRegistry&amp#27;[0;39m: Creating shared instance of singleton bean 'spring.jackson-org.springframework.boot.autoconfigure.jackson.JacksonProperties'
&amp#27;[30m2025-04-21 07:27:35,730&amp#27;[0;39m &amp#27;[39mDEBUG&amp#27;[0;39m [&amp#27;[34mmain&amp#27;[0;39m] &amp#27;[33mo.s.b.f.s.ConstructorResolver&amp#27;[0;39m: Autowiring by type from bean name 'standardJacksonObjectMapperBuilderCustomizer' via factory method to bean named 'spring.jackson-org.springframework.boot.autoconfigure.jackson.JacksonProperties'
&amp#27;[30m2025-04-21 07:27:35,732&amp#27;[0;39m &amp#27;[39mDEBUG&amp#27;[0;39m [&amp#27;[34mmain&amp#27;[0;39m] &amp#27;[33mo.s.b.f.s.DefaultSingletonBeanRegistry&amp#27;[0;39m: Creating shared instance of singleton bean 'parameterNamesModule'
&amp#27;[30m2025-04-21 07:27:35,733&amp#27;[0;39m &amp#27;[39mDEBUG&amp#27;[0;39m [&amp#27;[34mmain&amp#27;[0;39m] &amp#27;[33mo.s.b.f.s.DefaultSingletonBeanRegistry&amp#27;[0;39m: Creating shared instance of singleton bean 'org.springframework.boot.autoconfigure.jackson.JacksonAutoConfiguration$ParameterNamesModuleConfiguration'
&amp#27;[30m2025-04-21 07:27:35,736&amp#27;[0;39m &amp#27;[39mDEBUG&amp#27;[0;39m [&amp#27;[34mmain&amp#27;[0;39m] &amp#27;[33mo.s.b.f.s.DefaultSingletonBeanRegistry&amp#27;[0;39m: Creating shared instance of singleton bean 'jsonMixinModule'
&amp#27;[30m2025-04-21 07:27:35,737&amp#27;[0;39m &amp#27;[39mDEBUG&amp#27;[0;39m [&amp#27;[34mmain&amp#27;[0;39m] &amp#27;[33mo.s.b.f.s.DefaultSingletonBeanRegistry&amp#27;[0;39m: Creating shared instance of singleton bean 'org.springframework.boot.autoconfigure.jackson.JacksonAutoConfiguration$JacksonMixinConfiguration'
&amp#27;[30m2025-04-21 07:27:35,739&amp#27;[0;39m &amp#27;[39mDEBUG&amp#27;[0;39m [&amp#27;[34mmain&amp#27;[0;39m] &amp#27;[33mo.s.b.f.s.DefaultSingletonBeanRegistry&amp#27;[0;39m: Creating shared instance of singleton bean 'jsonMixinModuleEntries'
&amp#27;[30m2025-04-21 07:27:35,740&amp#27;[0;39m &amp#27;[39mDEBUG&amp#27;[0;39m [&amp#27;[34mmain&amp#27;[0;39m] &amp#27;[33mo.s.b.f.s.ConstructorResolver&amp#27;[0;39m: Autowiring by type from bean name 'jsonMixinModuleEntries' via factory method to bean named 'org.springframework.web.context.support.GenericWebApplicationContext@79a81557'
&amp#27;[30m2025-04-21 07:27:35,741&amp#27;[0;39m &amp#27;[39mDEBUG&amp#27;[0;39m [&amp#27;[34mmain&amp#27;[0;39m] &amp#27;[33mo.s.b.a.AutoConfigurationPackages$BasePackages&amp#27;[0;39m: @EnableAutoConfiguration was declared on a class in the package 'in.rgukt.r081247.universityapi'. Automatic @Repository and @Entity scanning is enabled.
&amp#27;[30m2025-04-21 07:27:35,749&amp#27;[0;39m &amp#27;[39mDEBUG&amp#27;[0;39m [&amp#27;[34mmain&amp#27;[0;39m] &amp#27;[33mo.s.b.f.s.ConstructorResolver&amp#27;[0;39m: Autowiring by type from bean name 'jsonMixinModule' via factory method to bean named 'org.springframework.web.context.support.GenericWebApplicationContext@79a81557'
&amp#27;[30m2025-04-21 07:27:35,750&amp#27;[0;39m &amp#27;[39mDEBUG&amp#27;[0;39m [&amp#27;[34mmain&amp#27;[0;39m] &amp#27;[33mo.s.b.f.s.ConstructorResolver&amp#27;[0;39m: Autowiring by type from bean name 'jsonMixinModule' via factory method to bean named 'jsonMixinModuleEntries'
&amp#27;[30m2025-04-21 07:27:35,751&amp#27;[0;39m &amp#27;[39mDEBUG&amp#27;[0;39m [&amp#27;[34mmain&amp#27;[0;39m] &amp#27;[33mo.s.b.f.s.DefaultSingletonBeanRegistry&amp#27;[0;39m: Creating shared instance of singleton bean 'jsonComponentModule'
&amp#27;[30m2025-04-21 07:27:35,752&amp#27;[0;39m &amp#27;[39mDEBUG&amp#27;[0;39m [&amp#27;[34mmain&amp#27;[0;39m] &amp#27;[33mo.s.b.f.s.DefaultSingletonBeanRegistry&amp#27;[0;39m: Creating shared instance of singleton bean 'org.springframework.boot.autoconfigure.jackson.JacksonAutoConfiguration'
&amp#27;[30m2025-04-21 07:27:35,758&amp#27;[0;39m &amp#27;[39mDEBUG&amp#27;[0;39m [&amp#27;[34mmain&amp#27;[0;39m] &amp#27;[33mo.s.b.f.s.DefaultSingletonBeanRegistry&amp#27;[0;39m: Creating shared instance of singleton bean 'jacksonGeoModule'
&amp#27;[30m2025-04-21 07:27:35,759&amp#27;[0;39m &amp#27;[39mDEBUG&amp#27;[0;39m [&amp#27;[34mmain&amp#27;[0;39m] &amp#27;[33mo.s.b.f.s.DefaultSingletonBeanRegistry&amp#27;[0;39m: Creating shared instance of singleton bean 'org.springframework.data.web.config.SpringDataJacksonConfiguration'
&amp#27;[30m2025-04-21 07:27:35,762&amp#27;[0;39m &amp#27;[39mDEBUG&amp#27;[0;39m [&amp#27;[34mmain&amp#27;[0;39m] &amp#27;[33mo.s.b.f.s.DefaultSingletonBeanRegistry&amp#27;[0;39m: Creating shared instance of singleton bean 'springDataWebSettings'
&amp#27;[30m2025-04-21 07:27:35,763&amp#27;[0;39m &amp#27;[39mDEBUG&amp#27;[0;39m [&amp#27;[34mmain&amp#27;[0;39m] &amp#27;[33mo.s.b.f.s.DefaultSingletonBeanRegistry&amp#27;[0;39m: Creating shared instance of singleton bean 'org.springframework.boot.autoconfigure.data.web.SpringDataWebAutoConfiguration'
&amp#27;[30m2025-04-21 07:27:35,765&amp#27;[0;39m &amp#27;[39mDEBUG&amp#27;[0;39m [&amp#27;[34mmain&amp#27;[0;39m] &amp#27;[33mo.s.b.f.s.DefaultSingletonBeanRegistry&amp#27;[0;39m: Creating shared instance of singleton bean 'spring.data.web-org.springframework.boot.autoconfigure.data.web.SpringDataWebProperties'
&amp#27;[30m2025-04-21 07:27:35,768&amp#27;[0;39m &amp#27;[39mDEBUG&amp#27;[0;39m [&amp#27;[34mmain&amp#27;[0;39m] &amp#27;[33mo.s.b.f.s.ConstructorResolver&amp#27;[0;39m: Autowiring by type from bean name 'org.springframework.boot.autoconfigure.data.web.SpringDataWebAutoConfiguration' via constructor to bean named 'spring.data.web-org.springframework.boot.autoconfigure.data.web.SpringDataWebProperties'
&amp#27;[30m2025-04-21 07:27:35,771&amp#27;[0;39m &amp#27;[39mDEBUG&amp#27;[0;39m [&amp#27;[34mmain&amp#27;[0;39m] &amp#27;[33mo.s.b.f.s.DefaultSingletonBeanRegistry&amp#27;[0;39m: Creating shared instance of singleton bean 'pageModule'
&amp#27;[30m2025-04-21 07:27:35,774&amp#27;[0;39m &amp#27;[39mDEBUG&amp#27;[0;39m [&amp#27;[34mmain&amp#27;[0;39m] &amp#27;[33mo.s.b.f.s.ConstructorResolver&amp#27;[0;39m: Autowiring by type from bean name 'jacksonObjectMapperBuilder' via factory method to bean named 'org.springframework.web.context.support.GenericWebApplicationContext@79a81557'
&amp#27;[30m2025-04-21 07:27:35,775&amp#27;[0;39m &amp#27;[39mDEBUG&amp#27;[0;39m [&amp#27;[34mmain&amp#27;[0;39m] &amp#27;[33mo.s.b.f.s.ConstructorResolver&amp#27;[0;39m: Autowiring by type from bean name 'jacksonObjectMapperBuilder' via factory method to bean named 'standardJacksonObjectMapperBuilderCustomizer'
&amp#27;[30m2025-04-21 07:27:35,778&amp#27;[0;39m &amp#27;[39mDEBUG&amp#27;[0;39m [&amp#27;[34mmain&amp#27;[0;39m] &amp#27;[33mo.s.b.f.s.ConstructorResolver&amp#27;[0;39m: Autowiring by type from bean name 'jacksonObjectMapper' via factory method to bean named 'jacksonObjectMapperBuilder'
&amp#27;[30m2025-04-21 07:27:35,786&amp#27;[0;39m &amp#27;[39mDEBUG&amp#27;[0;39m [&amp#27;[34mmain&amp#27;[0;39m] &amp#27;[33mo.s.b.f.s.ConstructorResolver&amp#27;[0;39m: Autowiring by type from bean name 'mappingJackson2HttpMessageConverter' via factory method to bean named 'jacksonObjectMapper'
&amp#27;[30m2025-04-21 07:27:35,803&amp#27;[0;39m &amp#27;[39mDEBUG&amp#27;[0;39m [&amp#27;[34mmain&amp#27;[0;39m] &amp#27;[33mo.s.b.f.s.DefaultSingletonBeanRegistry&amp#27;[0;39m: Creating shared instance of singleton bean 'resourceHandlerMapping'
&amp#27;[30m2025-04-21 07:27:35,806&amp#27;[0;39m &amp#27;[39mDEBUG&amp#27;[0;39m [&amp#27;[34mmain&amp#27;[0;39m] &amp#27;[33mo.s.b.f.s.ConstructorResolver&amp#27;[0;39m: Autowiring by type from bean name 'resourceHandlerMapping' via factory method to bean named 'mvcContentNegotiationManager'
&amp#27;[30m2025-04-21 07:27:35,807&amp#27;[0;39m &amp#27;[39mDEBUG&amp#27;[0;39m [&amp#27;[34mmain&amp#27;[0;39m] &amp#27;[33mo.s.b.f.s.ConstructorResolver&amp#27;[0;39m: Autowiring by type from bean name 'resourceHandlerMapping' via factory method to bean named 'mvcConversionService'
&amp#27;[30m2025-04-21 07:27:35,807&amp#27;[0;39m &amp#27;[39mDEBUG&amp#27;[0;39m [&amp#27;[34mmain&amp#27;[0;39m] &amp#27;[33mo.s.b.f.s.ConstructorResolver&amp#27;[0;39m: Autowiring by type from bean name 'resourceHandlerMapping' via factory method to bean named 'mvcResourceUrlProvider'
&amp#27;[30m2025-04-21 07:27:35,815&amp#27;[0;39m &amp#27;[39mDEBUG&amp#27;[0;39m [&amp#27;[34mmain&amp#27;[0;39m] &amp#27;[33mo.s.w.s.h.SimpleUrlHandlerMapping&amp#27;[0;39m: 'resourceHandlerMapping' {/webjars/**=ResourceHttpRequestHandler [classpath [META-INF/resources/webjars/]], /**=ResourceHttpRequestHandler [classpath [META-INF/resources/], classpath [resources/], classpath [static/], classpath [public/], ServletContext [/]]}
&amp#27;[30m2025-04-21 07:27:35,817&amp#27;[0;39m &amp#27;[39mDEBUG&amp#27;[0;39m [&amp#27;[34mmain&amp#27;[0;39m] &amp#27;[33mo.s.b.f.s.DefaultSingletonBeanRegistry&amp#27;[0;39m: Creating shared instance of singleton bean 'defaultServletHandlerMapping'
&amp#27;[30m2025-04-21 07:27:35,818&amp#27;[0;39m &amp#27;[39mDEBUG&amp#27;[0;39m [&amp#27;[34mmain&amp#27;[0;39m] &amp#27;[33mo.s.b.f.s.DefaultSingletonBeanRegistry&amp#27;[0;39m: Creating shared instance of singleton bean 'requestMappingHandlerAdapter'
&amp#27;[30m2025-04-21 07:27:35,822&amp#27;[0;39m &amp#27;[39mDEBUG&amp#27;[0;39m [&amp#27;[34mmain&amp#27;[0;39m] &amp#27;[33mo.s.b.f.s.ConstructorResolver&amp#27;[0;39m: Autowiring by type from bean name 'requestMappingHandlerAdapter' via factory method to bean named 'mvcContentNegotiationManager'
&amp#27;[30m2025-04-21 07:27:35,823&amp#27;[0;39m &amp#27;[39mDEBUG&amp#27;[0;39m [&amp#27;[34mmain&amp#27;[0;39m] &amp#27;[33mo.s.b.f.s.ConstructorResolver&amp#27;[0;39m: Autowiring by type from bean name 'requestMappingHandlerAdapter' via factory method to bean named 'mvcConversionService'
&amp#27;[30m2025-04-21 07:27:35,823&amp#27;[0;39m &amp#27;[39mDEBUG&amp#27;[0;39m [&amp#27;[34mmain&amp#27;[0;39m] &amp#27;[33mo.s.b.f.s.ConstructorResolver&amp#27;[0;39m: Autowiring by type from bean name 'requestMappingHandlerAdapter' via factory method to bean named 'mvcValidator'
&amp#27;[30m2025-04-21 07:27:35,825&amp#27;[0;39m &amp#27;[39mDEBUG&amp#27;[0;39m [&amp#27;[34mmain&amp#27;[0;39m] &amp#27;[33mo.s.b.f.s.DefaultSingletonBeanRegistry&amp#27;[0;39m: Creating shared instance of singleton bean 'sortResolver'
&amp#27;[30m2025-04-21 07:27:35,827&amp#27;[0;39m &amp#27;[39mDEBUG&amp#27;[0;39m [&amp#27;[34mmain&amp#27;[0;39m] &amp#27;[33mo.s.b.f.s.DefaultSingletonBeanRegistry&amp#27;[0;39m: Creating shared instance of singleton bean 'sortCustomizer'
&amp#27;[30m2025-04-21 07:27:35,829&amp#27;[0;39m &amp#27;[39mDEBUG&amp#27;[0;39m [&amp#27;[34mmain&amp#27;[0;39m] &amp#27;[33mo.s.b.f.s.DefaultSingletonBeanRegistry&amp#27;[0;39m: Creating shared instance of singleton bean 'pageableResolver'
&amp#27;[30m2025-04-21 07:27:35,831&amp#27;[0;39m &amp#27;[39mDEBUG&amp#27;[0;39m [&amp#27;[34mmain&amp#27;[0;39m] &amp#27;[33mo.s.b.f.s.DefaultSingletonBeanRegistry&amp#27;[0;39m: Creating shared instance of singleton bean 'pageableCustomizer'
&amp#27;[30m2025-04-21 07:27:35,832&amp#27;[0;39m &amp#27;[39mDEBUG&amp#27;[0;39m [&amp#27;[34mmain&amp#27;[0;39m] &amp#27;[33mo.s.b.f.s.DefaultSingletonBeanRegistry&amp#27;[0;39m: Creating shared instance of singleton bean 'applicationTaskExecutor'
&amp#27;[30m2025-04-21 07:27:35,833&amp#27;[0;39m &amp#27;[39mDEBUG&amp#27;[0;39m [&amp#27;[34mmain&amp#27;[0;39m] &amp#27;[33mo.s.b.f.s.ConstructorResolver&amp#27;[0;39m: Autowiring by type from bean name 'applicationTaskExecutor' via factory method to bean named 'threadPoolTaskExecutorBuilder'
&amp#27;[30m2025-04-21 07:27:35,836&amp#27;[0;39m &amp#27;[39mDEBUG&amp#27;[0;39m [&amp#27;[34mmain&amp#27;[0;39m] &amp#27;[33mo.s.s.c.ExecutorConfigurationSupport&amp#27;[0;39m: Initializing ExecutorService 'applicationTaskExecutor'
&amp#27;[30m2025-04-21 07:27:35,841&amp#27;[0;39m &amp#27;[39mDEBUG&amp#27;[0;39m [&amp#27;[34mmain&amp#27;[0;39m] &amp#27;[33mo.s.w.s.m.m.a.RequestMappingHandlerAdapter&amp#27;[0;39m: ControllerAdvice beans: 0 @ModelAttribute, 0 @InitBinder, 1 RequestBodyAdvice, 1 ResponseBodyAdvice
&amp#27;[30m2025-04-21 07:27:35,843&amp#27;[0;39m &amp#27;[39mDEBUG&amp#27;[0;39m [&amp#27;[34mmain&amp#27;[0;39m] &amp#27;[33mo.s.b.f.s.DefaultSingletonBeanRegistry&amp#27;[0;39m: Creating shared instance of singleton bean 'mvcViewResolver'
&amp#27;[30m2025-04-21 07:27:35,844&amp#27;[0;39m &amp#27;[39mDEBUG&amp#27;[0;39m [&amp#27;[34mmain&amp#27;[0;39m] &amp#27;[33mo.s.b.f.s.ConstructorResolver&amp#27;[0;39m: Autowiring by type from bean name 'mvcViewResolver' via factory method to bean named 'mvcContentNegotiationManager'
&amp#27;[30m2025-04-21 07:27:35,846&amp#27;[0;39m &amp#27;[39mDEBUG&amp#27;[0;39m [&amp#27;[34mmain&amp#27;[0;39m] &amp#27;[33mo.s.b.f.s.DefaultSingletonBeanRegistry&amp#27;[0;39m: Creating shared instance of singleton bean 'defaultViewResolver'
&amp#27;[30m2025-04-21 07:27:35,848&amp#27;[0;39m &amp#27;[39mDEBUG&amp#27;[0;39m [&amp#27;[34mmain&amp#27;[0;39m] &amp#27;[33mo.s.b.f.s.DefaultSingletonBeanRegistry&amp#27;[0;39m: Creating shared instance of singleton bean 'viewResolver'
&amp#27;[30m2025-04-21 07:27:35,849&amp#27;[0;39m &amp#27;[39mDEBUG&amp#27;[0;39m [&amp#27;[34mmain&amp#27;[0;39m] &amp#27;[33mo.s.b.f.s.ConstructorResolver&amp#27;[0;39m: Autowiring by type from bean name 'viewResolver' via factory method to bean named 'org.springframework.beans.factory.support.DefaultListableBeanFactory@753f1c3e'
&amp#27;[30m2025-04-21 07:27:35,851&amp#27;[0;39m &amp#27;[39mDEBUG&amp#27;[0;39m [&amp#27;[34mmain&amp#27;[0;39m] &amp#27;[33mo.s.b.f.s.DefaultSingletonBeanRegistry&amp#27;[0;39m: Creating shared instance of singleton bean 'viewResolver'
&amp#27;[30m2025-04-21 07:27:35,853&amp#27;[0;39m &amp#27;[39mDEBUG&amp#27;[0;39m [&amp#27;[34mmain&amp#27;[0;39m] &amp#27;[33mo.s.b.f.s.DefaultSingletonBeanRegistry&amp#27;[0;39m: Creating shared instance of singleton bean 'handlerFunctionAdapter'
&amp#27;[30m2025-04-21 07:27:35,854&amp#27;[0;39m &amp#27;[39mDEBUG&amp#27;[0;39m [&amp#27;[34mmain&amp#27;[0;39m] &amp#27;[33mo.s.b.f.s.DefaultSingletonBeanRegistry&amp#27;[0;39m: Creating shared instance of singleton bean 'mvcUriComponentsContributor'
&amp#27;[30m2025-04-21 07:27:35,855&amp#27;[0;39m &amp#27;[39mDEBUG&amp#27;[0;39m [&amp#27;[34mmain&amp#27;[0;39m] &amp#27;[33mo.s.b.f.s.ConstructorResolver&amp#27;[0;39m: Autowiring by type from bean name 'mvcUriComponentsContributor' via factory method to bean named 'mvcConversionService'
&amp#27;[30m2025-04-21 07:27:35,855&amp#27;[0;39m &amp#27;[39mDEBUG&amp#27;[0;39m [&amp#27;[34mmain&amp#27;[0;39m] &amp#27;[33mo.s.b.f.s.ConstructorResolver&amp#27;[0;39m: Autowiring by type from bean name 'mvcUriComponentsContributor' via factory method to bean named 'requestMappingHandlerAdapter'
&amp#27;[30m2025-04-21 07:27:35,856&amp#27;[0;39m &amp#27;[39mDEBUG&amp#27;[0;39m [&amp#27;[34mmain&amp#27;[0;39m] &amp#27;[33mo.s.b.f.s.DefaultSingletonBeanRegistry&amp#27;[0;39m: Creating shared instance of singleton bean 'httpRequestHandlerAdapter'
&amp#27;[30m2025-04-21 07:27:35,856&amp#27;[0;39m &amp#27;[39mDEBUG&amp#27;[0;39m [&amp#27;[34mmain&amp#27;[0;39m] &amp#27;[33mo.s.b.f.s.DefaultSingletonBeanRegistry&amp#27;[0;39m: Creating shared instance of singleton bean 'simpleControllerHandlerAdapter'
&amp#27;[30m2025-04-21 07:27:35,857&amp#27;[0;39m &amp#27;[39mDEBUG&amp#27;[0;39m [&amp#27;[34mmain&amp#27;[0;39m] &amp#27;[33mo.s.b.f.s.DefaultSingletonBeanRegistry&amp#27;[0;39m: Creating shared instance of singleton bean 'handlerExceptionResolver'
&amp#27;[30m2025-04-21 07:27:35,858&amp#27;[0;39m &amp#27;[39mDEBUG&amp#27;[0;39m [&amp#27;[34mmain&amp#27;[0;39m] &amp#27;[33mo.s.b.f.s.ConstructorResolver&amp#27;[0;39m: Autowiring by type from bean name 'handlerExceptionResolver' via factory method to bean named 'mvcContentNegotiationManager'
&amp#27;[30m2025-04-21 07:27:35,862&amp#27;[0;39m &amp#27;[39mDEBUG&amp#27;[0;39m [&amp#27;[34mmain&amp#27;[0;39m] &amp#27;[33mo.s.w.s.m.m.a.ExceptionHandlerExceptionResolver&amp#27;[0;39m: ControllerAdvice beans: 1 @ExceptionHandler, 1 ResponseBodyAdvice
&amp#27;[30m2025-04-21 07:27:35,864&amp#27;[0;39m &amp#27;[39mDEBUG&amp#27;[0;39m [&amp#27;[34mmain&amp#27;[0;39m] &amp#27;[33mo.s.b.f.s.DefaultSingletonBeanRegistry&amp#27;[0;39m: Creating shared instance of singleton bean 'requestContextFilter'
&amp#27;[30m2025-04-21 07:27:35,865&amp#27;[0;39m &amp#27;[39mDEBUG&amp#27;[0;39m [&amp#27;[34mmain&amp#27;[0;39m] &amp#27;[33mo.s.b.f.s.DefaultSingletonBeanRegistry&amp#27;[0;39m: Creating shared instance of singleton bean 'org.springframework.boot.autoconfigure.web.servlet.WebMvcAutoConfiguration'
&amp#27;[30m2025-04-21 07:27:35,866&amp#27;[0;39m &amp#27;[39mDEBUG&amp#27;[0;39m [&amp#27;[34mmain&amp#27;[0;39m] &amp#27;[33mo.s.b.f.s.DefaultSingletonBeanRegistry&amp#27;[0;39m: Creating shared instance of singleton bean 'formContentFilter'
&amp#27;[30m2025-04-21 07:27:35,869&amp#27;[0;39m &amp#27;[39mDEBUG&amp#27;[0;39m [&amp#27;[34mmain&amp#27;[0;39m] &amp#27;[33mo.s.b.f.s.DefaultSingletonBeanRegistry&amp#27;[0;39m: Creating shared instance of singleton bean 'org.springframework.boot.autoconfigure.http.JacksonHttpMessageConvertersConfiguration'
&amp#27;[30m2025-04-21 07:27:35,871&amp#27;[0;39m &amp#27;[39mDEBUG&amp#27;[0;39m [&amp#27;[34mmain&amp#27;[0;39m] &amp#27;[33mo.s.b.f.s.DefaultSingletonBeanRegistry&amp#27;[0;39m: Creating shared instance of singleton bean 'org.springframework.data.web.config.ProjectingArgumentResolverRegistrar'
&amp#27;[30m2025-04-21 07:27:35,873&amp#27;[0;39m &amp#27;[39mDEBUG&amp#27;[0;39m [&amp#27;[34mmain&amp#27;[0;39m] &amp#27;[33mo.s.b.f.s.DefaultSingletonBeanRegistry&amp#27;[0;39m: Creating shared instance of singleton bean 'offsetResolver'
&amp#27;[30m2025-04-21 07:27:35,876&amp#27;[0;39m &amp#27;[39mDEBUG&amp#27;[0;39m [&amp#27;[34mmain&amp#27;[0;39m] &amp#27;[33mo.s.b.f.s.DefaultSingletonBeanRegistry&amp#27;[0;39m: Creating shared instance of singleton bean 'org.springframework.security.config.annotation.configuration.ObjectPostProcessorConfiguration'
&amp#27;[30m2025-04-21 07:27:35,878&amp#27;[0;39m &amp#27;[39mDEBUG&amp#27;[0;39m [&amp#27;[34mmain&amp#27;[0;39m] &amp#27;[33mo.s.b.f.s.DefaultSingletonBeanRegistry&amp#27;[0;39m: Creating shared instance of singleton bean 'objectPostProcessor'
&amp#27;[30m2025-04-21 07:27:35,880&amp#27;[0;39m &amp#27;[39mDEBUG&amp#27;[0;39m [&amp#27;[34mmain&amp#27;[0;39m] &amp#27;[33mo.s.b.f.s.ConstructorResolver&amp#27;[0;39m: Autowiring by type from bean name 'objectPostProcessor' via factory method to bean named 'org.springframework.beans.factory.support.DefaultListableBeanFactory@753f1c3e'
&amp#27;[30m2025-04-21 07:27:35,882&amp#27;[0;39m &amp#27;[39mDEBUG&amp#27;[0;39m [&amp#27;[34mmain&amp#27;[0;39m] &amp#27;[33mo.s.b.f.s.DefaultSingletonBeanRegistry&amp#27;[0;39m: Creating shared instance of singleton bean 'org.springframework.security.config.annotation.authentication.configuration.AuthenticationConfiguration'
&amp#27;[30m2025-04-21 07:27:35,890&amp#27;[0;39m &amp#27;[39mDEBUG&amp#27;[0;39m [&amp#27;[34mmain&amp#27;[0;39m] &amp#27;[33mo.s.b.f.s.DefaultSingletonBeanRegistry&amp#27;[0;39m: Creating shared instance of singleton bean 'enableGlobalAuthenticationAutowiredConfigurer'
&amp#27;[30m2025-04-21 07:27:35,892&amp#27;[0;39m &amp#27;[39mDEBUG&amp#27;[0;39m [&amp#27;[34mmain&amp#27;[0;39m] &amp#27;[33mo.s.b.f.s.ConstructorResolver&amp#27;[0;39m: Autowiring by type from bean name 'enableGlobalAuthenticationAutowiredConfigurer' via factory method to bean named 'org.springframework.web.context.support.GenericWebApplicationContext@79a81557'
&amp#27;[30m2025-04-21 07:27:35,894&amp#27;[0;39m &amp#27;[39mDEBUG&amp#27;[0;39m [&amp#27;[34mmain&amp#27;[0;39m] &amp#27;[33mo.s.b.f.s.DefaultSingletonBeanRegistry&amp#27;[0;39m: Creating shared instance of singleton bean 'initializeUserDetailsBeanManagerConfigurer'
&amp#27;[30m2025-04-21 07:27:35,895&amp#27;[0;39m &amp#27;[39mDEBUG&amp#27;[0;39m [&amp#27;[34mmain&amp#27;[0;39m] &amp#27;[33mo.s.b.f.s.ConstructorResolver&amp#27;[0;39m: Autowiring by type from bean name 'initializeUserDetailsBeanManagerConfigurer' via factory method to bean named 'org.springframework.web.context.support.GenericWebApplicationContext@79a81557'
&amp#27;[30m2025-04-21 07:27:35,897&amp#27;[0;39m &amp#27;[39mDEBUG&amp#27;[0;39m [&amp#27;[34mmain&amp#27;[0;39m] &amp#27;[33mo.s.b.f.s.DefaultSingletonBeanRegistry&amp#27;[0;39m: Creating shared instance of singleton bean 'initializeAuthenticationProviderBeanManagerConfigurer'
&amp#27;[30m2025-04-21 07:27:35,897&amp#27;[0;39m &amp#27;[39mDEBUG&amp#27;[0;39m [&amp#27;[34mmain&amp#27;[0;39m] &amp#27;[33mo.s.b.f.s.ConstructorResolver&amp#27;[0;39m: Autowiring by type from bean name 'initializeAuthenticationProviderBeanManagerConfigurer' via factory method to bean named 'org.springframework.web.context.support.GenericWebApplicationContext@79a81557'
&amp#27;[30m2025-04-21 07:27:35,901&amp#27;[0;39m &amp#27;[39mDEBUG&amp#27;[0;39m [&amp#27;[34mmain&amp#27;[0;39m] &amp#27;[33mo.s.b.f.s.DefaultSingletonBeanRegistry&amp#27;[0;39m: Creating shared instance of singleton bean 'authenticationManagerBuilder'
&amp#27;[30m2025-04-21 07:27:35,902&amp#27;[0;39m &amp#27;[39mDEBUG&amp#27;[0;39m [&amp#27;[34mmain&amp#27;[0;39m] &amp#27;[33mo.s.b.f.s.ConstructorResolver&amp#27;[0;39m: Autowiring by type from bean name 'authenticationManagerBuilder' via factory method to bean named 'objectPostProcessor'
&amp#27;[30m2025-04-21 07:27:35,903&amp#27;[0;39m &amp#27;[39mDEBUG&amp#27;[0;39m [&amp#27;[34mmain&amp#27;[0;39m] &amp#27;[33mo.s.b.f.s.ConstructorResolver&amp#27;[0;39m: Autowiring by type from bean name 'authenticationManagerBuilder' via factory method to bean named 'org.springframework.web.context.support.GenericWebApplicationContext@79a81557'
&amp#27;[30m2025-04-21 07:27:35,904&amp#27;[0;39m &amp#27;[39mDEBUG&amp#27;[0;39m [&amp#27;[34mmain&amp#27;[0;39m] &amp#27;[33mo.s.b.f.s.DefaultSingletonBeanRegistry&amp#27;[0;39m: Creating shared instance of singleton bean 'authenticationEventPublisher'
&amp#27;[30m2025-04-21 07:27:35,905&amp#27;[0;39m &amp#27;[39mDEBUG&amp#27;[0;39m [&amp#27;[34mmain&amp#27;[0;39m] &amp#27;[33mo.s.b.f.s.DefaultSingletonBeanRegistry&amp#27;[0;39m: Creating shared instance of singleton bean 'org.springframework.boot.autoconfigure.security.servlet.SecurityAutoConfiguration'
&amp#27;[30m2025-04-21 07:27:35,907&amp#27;[0;39m &amp#27;[39mDEBUG&amp#27;[0;39m [&amp#27;[34mmain&amp#27;[0;39m] &amp#27;[33mo.s.b.f.s.ConstructorResolver&amp#27;[0;39m: Autowiring by type from bean name 'authenticationEventPublisher' via factory method to bean named 'org.springframework.web.context.support.GenericWebApplicationContext@79a81557'
&amp#27;[30m2025-04-21 07:27:35,911&amp#27;[0;39m &amp#27;[39mDEBUG&amp#27;[0;39m [&amp#27;[34mmain&amp#27;[0;39m] &amp#27;[33mo.s.b.f.s.DefaultSingletonBeanRegistry&amp#27;[0;39m: Creating shared instance of singleton bean 'org.springframework.security.config.annotation.web.configuration.WebSecurityConfiguration'
&amp#27;[30m2025-04-21 07:27:35,918&amp#27;[0;39m &amp#27;[39mDEBUG&amp#27;[0;39m [&amp#27;[34mmain&amp#27;[0;39m] &amp#27;[33mo.s.b.f.s.DefaultSingletonBeanRegistry&amp#27;[0;39m: Creating shared instance of singleton bean 'org.springframework.security.config.annotation.web.configuration.HttpSecurityConfiguration'
&amp#27;[30m2025-04-21 07:27:35,934&amp#27;[0;39m &amp#27;[39mDEBUG&amp#27;[0;39m [&amp#27;[34mmain&amp#27;[0;39m] &amp#27;[33mo.s.b.f.s.DefaultSingletonBeanRegistry&amp#27;[0;39m: Creating shared instance of singleton bean 'org.springframework.boot.autoconfigure.security.servlet.SpringBootWebSecurityConfiguration$WebSecurityEnablerConfiguration'
&amp#27;[30m2025-04-21 07:27:35,938&amp#27;[0;39m &amp#27;[39mDEBUG&amp#27;[0;39m [&amp#27;[34mmain&amp#27;[0;39m] &amp#27;[33mo.s.b.f.s.DefaultSingletonBeanRegistry&amp#27;[0;39m: Creating shared instance of singleton bean 'inMemoryUserDetailsManager'
&amp#27;[30m2025-04-21 07:27:35,939&amp#27;[0;39m &amp#27;[39mDEBUG&amp#27;[0;39m [&amp#27;[34mmain&amp#27;[0;39m] &amp#27;[33mo.s.b.f.s.DefaultSingletonBeanRegistry&amp#27;[0;39m: Creating shared instance of singleton bean 'org.springframework.boot.autoconfigure.security.servlet.UserDetailsServiceAutoConfiguration'
&amp#27;[30m2025-04-21 07:27:35,943&amp#27;[0;39m &amp#27;[39mDEBUG&amp#27;[0;39m [&amp#27;[34mmain&amp#27;[0;39m] &amp#27;[33mo.s.b.f.s.DefaultSingletonBeanRegistry&amp#27;[0;39m: Creating shared instance of singleton bean 'spring.security-org.springframework.boot.autoconfigure.security.SecurityProperties'
&amp#27;[30m2025-04-21 07:27:35,947&amp#27;[0;39m &amp#27;[39mDEBUG&amp#27;[0;39m [&amp#27;[34mmain&amp#27;[0;39m] &amp#27;[33mo.s.b.f.s.ConstructorResolver&amp#27;[0;39m: Autowiring by type from bean name 'inMemoryUserDetailsManager' via factory method to bean named 'spring.security-org.springframework.boot.autoconfigure.security.SecurityProperties'
&amp#27;[30m2025-04-21 07:27:35,950&amp#27;[0;39m &amp#27;[31mWARN &amp#27;[0;39m [&amp#27;[34mmain&amp#27;[0;39m] &amp#27;[33mo.s.b.a.s.s.UserDetailsServiceAutoConfiguration&amp#27;[0;39m: 

Using generated security password: b2db0505-20e6-483c-9c74-2e5789d5fc03

This generated password is for development use only. Your security configuration must be updated before running your application in production.

&amp#27;[30m2025-04-21 07:27:35,987&amp#27;[0;39m &amp#27;[34mINFO &amp#27;[0;39m [&amp#27;[34mmain&amp#27;[0;39m] &amp#27;[33mo.s.s.c.a.a.c.InitializeUserDetailsBeanManagerConfigurer$InitializeUserDetailsManagerConfigurer&amp#27;[0;39m: Global AuthenticationManager configured with UserDetailsService bean with name inMemoryUserDetailsManager
&amp#27;[30m2025-04-21 07:27:36,004&amp#27;[0;39m &amp#27;[39mDEBUG&amp#27;[0;39m [&amp#27;[34mmain&amp#27;[0;39m] &amp#27;[33mo.s.b.f.s.DefaultSingletonBeanRegistry&amp#27;[0;39m: Creating shared instance of singleton bean 'filterChainDecoratorPostProcessor'
&amp#27;[30m2025-04-21 07:27:36,007&amp#27;[0;39m &amp#27;[39mDEBUG&amp#27;[0;39m [&amp#27;[34mmain&amp#27;[0;39m] &amp#27;[33mo.s.b.f.s.DefaultSingletonBeanRegistry&amp#27;[0;39m: Creating shared instance of singleton bean 'mvcHandlerMappingIntrospectorRequestTransformer'
&amp#27;[30m2025-04-21 07:27:36,009&amp#27;[0;39m &amp#27;[39mDEBUG&amp#27;[0;39m [&amp#27;[34mmain&amp#27;[0;39m] &amp#27;[33mo.s.b.f.s.DefaultSingletonBeanRegistry&amp#27;[0;39m: Creating shared instance of singleton bean 'mvcHandlerMappingIntrospector'
&amp#27;[30m2025-04-21 07:27:36,018&amp#27;[0;39m &amp#27;[39mDEBUG&amp#27;[0;39m [&amp#27;[34mmain&amp#27;[0;39m] &amp#27;[33mo.s.b.f.s.DefaultSingletonBeanRegistry&amp#27;[0;39m: Creating shared instance of singleton bean 'defaultSecurityFilterChain'
&amp#27;[30m2025-04-21 07:27:36,019&amp#27;[0;39m &amp#27;[39mDEBUG&amp#27;[0;39m [&amp#27;[34mmain&amp#27;[0;39m] &amp#27;[33mo.s.b.f.s.DefaultSingletonBeanRegistry&amp#27;[0;39m: Creating shared instance of singleton bean 'org.springframework.boot.autoconfigure.security.servlet.SpringBootWebSecurityConfiguration$SecurityFilterChainConfiguration'
&amp#27;[30m2025-04-21 07:27:36,022&amp#27;[0;39m &amp#27;[39mDEBUG&amp#27;[0;39m [&amp#27;[34mmain&amp#27;[0;39m] &amp#27;[33mo.s.b.f.s.ConstructorResolver&amp#27;[0;39m: Autowiring by type from bean name 'defaultSecurityFilterChain' via factory method to bean named 'org.springframework.security.config.annotation.web.configuration.HttpSecurityConfiguration.httpSecurity'
&amp#27;[30m2025-04-21 07:27:36,029&amp#27;[0;39m &amp#27;[39mDEBUG&amp#27;[0;39m [&amp#27;[34mmain&amp#27;[0;39m] &amp#27;[33mo.s.b.f.s.DefaultSingletonBeanRegistry&amp#27;[0;39m: Creating shared instance of singleton bean 'webAuthorizationManagerPostProcessor'
&amp#27;[30m2025-04-21 07:27:36,058&amp#27;[0;39m &amp#27;[39mDEBUG&amp#27;[0;39m [&amp#27;[34mmain&amp#27;[0;39m] &amp#27;[33mo.s.b.f.s.DefaultSingletonBeanRegistry&amp#27;[0;39m: Creating shared instance of singleton bean 'authenticationManagerPostProcessor'
&amp#27;[30m2025-04-21 07:27:36,081&amp#27;[0;39m &amp#27;[39mDEBUG&amp#27;[0;39m [&amp#27;[34mmain&amp#27;[0;39m] &amp#27;[33mo.s.s.w.DefaultSecurityFilterChain&amp#27;[0;39m: Will secure any request with filters: DisableEncodeUrlFilter, WebAsyncManagerIntegrationFilter, SecurityContextHolderFilter, HeaderWriterFilter, CsrfFilter, LogoutFilter, UsernamePasswordAuthenticationFilter, DefaultResourcesFilter, DefaultLoginPageGeneratingFilter, DefaultLogoutPageGeneratingFilter, BasicAuthenticationFilter, RequestCacheAwareFilter, SecurityContextHolderAwareRequestFilter, AnonymousAuthenticationFilter, ExceptionTranslationFilter, AuthorizationFilter
&amp#27;[30m2025-04-21 07:27:36,087&amp#27;[0;39m &amp#27;[39mDEBUG&amp#27;[0;39m [&amp#27;[34mmain&amp#27;[0;39m] &amp#27;[33mo.s.b.f.s.DefaultSingletonBeanRegistry&amp#27;[0;39m: Creating shared instance of singleton bean 'delegatingApplicationListener'
&amp#27;[30m2025-04-21 07:27:36,089&amp#27;[0;39m &amp#27;[39mDEBUG&amp#27;[0;39m [&amp#27;[34mmain&amp#27;[0;39m] &amp#27;[33mo.s.b.f.s.DefaultSingletonBeanRegistry&amp#27;[0;39m: Creating shared instance of singleton bean 'springSecurityFilterChain'
&amp#27;[30m2025-04-21 07:27:36,098&amp#27;[0;39m &amp#27;[39mDEBUG&amp#27;[0;39m [&amp#27;[34mmain&amp#27;[0;39m] &amp#27;[33mo.s.b.f.s.DefaultSingletonBeanRegistry&amp#27;[0;39m: Creating shared instance of singleton bean 'webSecurityExpressionHandler'
&amp#27;[30m2025-04-21 07:27:36,100&amp#27;[0;39m &amp#27;[39mDEBUG&amp#27;[0;39m [&amp#27;[34mmain&amp#27;[0;39m] &amp#27;[33mo.s.b.f.s.DefaultSingletonBeanRegistry&amp#27;[0;39m: Creating shared instance of singleton bean 'privilegeEvaluator'
&amp#27;[30m2025-04-21 07:27:36,102&amp#27;[0;39m &amp#27;[39mDEBUG&amp#27;[0;39m [&amp#27;[34mmain&amp#27;[0;39m] &amp#27;[33mo.s.b.f.s.DefaultSingletonBeanRegistry&amp#27;[0;39m: Creating shared instance of singleton bean 'requestDataValueProcessor'
&amp#27;[30m2025-04-21 07:27:36,103&amp#27;[0;39m &amp#27;[39mDEBUG&amp#27;[0;39m [&amp#27;[34mmain&amp#27;[0;39m] &amp#27;[33mo.s.b.f.s.DefaultSingletonBeanRegistry&amp#27;[0;39m: Creating shared instance of singleton bean 'org.springframework.security.config.annotation.web.configuration.ObservationConfiguration'
&amp#27;[30m2025-04-21 07:27:36,105&amp#27;[0;39m &amp#27;[39mDEBUG&amp#27;[0;39m [&amp#27;[34mmain&amp#27;[0;39m] &amp#27;[33mo.s.b.f.s.DefaultSingletonBeanRegistry&amp#27;[0;39m: Creating shared instance of singleton bean 'org.springframework.boot.autoconfigure.security.servlet.SpringBootWebSecurityConfiguration'
&amp#27;[30m2025-04-21 07:27:36,106&amp#27;[0;39m &amp#27;[39mDEBUG&amp#27;[0;39m [&amp#27;[34mmain&amp#27;[0;39m] &amp#27;[33mo.s.b.f.s.DefaultSingletonBeanRegistry&amp#27;[0;39m: Creating shared instance of singleton bean 'org.springframework.boot.autoconfigure.security.servlet.SecurityFilterAutoConfiguration'
&amp#27;[30m2025-04-21 07:27:36,107&amp#27;[0;39m &amp#27;[39mDEBUG&amp#27;[0;39m [&amp#27;[34mmain&amp#27;[0;39m] &amp#27;[33mo.s.b.f.s.DefaultSingletonBeanRegistry&amp#27;[0;39m: Creating shared instance of singleton bean 'securityFilterChainRegistration'
&amp#27;[30m2025-04-21 07:27:36,108&amp#27;[0;39m &amp#27;[39mDEBUG&amp#27;[0;39m [&amp#27;[34mmain&amp#27;[0;39m] &amp#27;[33mo.s.b.f.s.ConstructorResolver&amp#27;[0;39m: Autowiring by type from bean name 'securityFilterChainRegistration' via factory method to bean named 'spring.security-org.springframework.boot.autoconfigure.security.SecurityProperties'
&amp#27;[30m2025-04-21 07:27:36,110&amp#27;[0;39m &amp#27;[39mDEBUG&amp#27;[0;39m [&amp#27;[34mmain&amp#27;[0;39m] &amp#27;[33mo.s.b.f.s.DefaultSingletonBeanRegistry&amp#27;[0;39m: Creating shared instance of singleton bean 'org.springframework.boot.autoconfigure.web.servlet.HttpEncodingAutoConfiguration'
[...]

   GroovyTemplateAutoConfiguration:
      Did not match:
         - @ConditionalOnClass did not find required class 'groovy.text.markup.MarkupTemplateEngine' (OnClassCondition)

   GsonAutoConfiguration:
      Did not match:
         - @ConditionalOnClass did not find required class 'com.google.gson.Gson' (OnClassCondition)

   GsonHttpMessageConvertersConfiguration:
      Did not match:
         - @ConditionalOnClass did not find required class 'com.google.gson.Gson' (OnClassCondition)

   HazelcastCacheConfiguration:
      Did not match:
         - @ConditionalOnClass did not find required class 'com.hazelcast.core.HazelcastInstance' (OnClassCondition)

   HypermediaAutoConfiguration:
      Did not match:
         - @ConditionalOnClass did not find required class 'org.springframework.hateoas.EntityModel' (OnClassCondition)

   InfinispanCacheConfiguration:
      Did not match:
         - @ConditionalOnClass did not find required class 'org.infinispan.spring.embedded.provider.SpringEmbeddedCacheManager' (OnClassCondition)

   JCacheCacheConfiguration:
      Did not match:
         - @ConditionalOnClass did not find required class 'javax.cache.Caching' (OnClassCondition)

   JacksonHttpMessageConvertersConfiguration.MappingJackson2XmlHttpMessageConverterConfiguration:
      Did not match:
         - @ConditionalOnClass did not find required class 'com.fasterxml.jackson.dataformat.xml.XmlMapper' (OnClassCondition)

   JsonbAutoConfiguration:
      Did not match:
         - @ConditionalOnClass did not find required class 'jakarta.json.bind.Jsonb' (OnClassCondition)

   JsonbHttpMessageConvertersConfiguration:
      Did not match:
         - @ConditionalOnClass did not find required class 'jakarta.json.bind.Jsonb' (OnClassCondition)

   MessageSourceAutoConfiguration:
      Did not match:
         - ResourceBundle did not find bundle with basename messages (MessageSourceAutoConfiguration.ResourceBundleCondition)

   MockMvcAutoConfiguration.WebTestClientMockMvcConfiguration:
      Did not match:
         - @ConditionalOnClass did not find required class 'org.springframework.web.reactive.function.client.WebClient' (OnClassCondition)

   MockMvcWebClientAutoConfiguration:
      Did not match:
         - @ConditionalOnClass did not find required class 'org.htmlunit.WebClient' (OnClassCondition)

   MockMvcWebDriverAutoConfiguration:
      Did not match:
         - @ConditionalOnClass did not find required class 'org.openqa.selenium.htmlunit.HtmlUnitDriver' (OnClassCondition)

   MustacheAutoConfiguration:
      Did not match:
         - @ConditionalOnClass did not find required class 'com.samskivert.mustache.Mustache' (OnClassCondition)

   OAuth2ClientAutoConfiguration:
      Did not match:
         - @ConditionalOnClass did not find required class 'org.springframework.security.oauth2.client.registration.ClientRegistration' (OnClassCondition)

   OAuth2ResourceServerAutoConfiguration:
      Did not match:
         - @ConditionalOnClass did not find required class 'org.springframework.security.oauth2.server.resource.authentication.BearerTokenAuthenticationToken' (OnClassCondition)

   RedisCacheConfiguration:
      Did not match:
         - @ConditionalOnClass did not find required class 'org.springframework.data.redis.connection.RedisConnectionFactory' (OnClassCondition)

   SecurityDataConfiguration:
      Did not match:
         - @ConditionalOnClass did not find required class 'org.springframework.security.data.repository.query.SecurityEvaluationContextExtension' (OnClassCondition)

   SimpleCacheConfiguration:
      Did not match:
         - Cache org.springframework.boot.autoconfigure.cache.SimpleCacheConfiguration unknown cache type (CacheCondition)

   TaskExecutorConfigurations.SimpleAsyncTaskExecutorBuilderConfiguration#simpleAsyncTaskExecutorBuilderVirtualThreads:
      Did not match:
         - @ConditionalOnMissingBean (types: org.springframework.boot.task.SimpleAsyncTaskExecutorBuilder; SearchStrategy: all) found beans of type 'org.springframework.boot.task.SimpleAsyncTaskExecutorBuilder' simpleAsyncTaskExecutorBuilder (OnBeanCondition)

   TaskExecutorConfigurations.TaskExecutorConfiguration#applicationTaskExecutorVirtualThreads:
      Did not match:
         - @ConditionalOnThreading did not find VIRTUAL (OnThreadingCondition)

   ThymeleafAutoConfiguration:
      Did not match:
         - @ConditionalOnClass did not find required class 'org.thymeleaf.spring6.SpringTemplateEngine' (OnClassCondition)

   WebMvcAutoConfiguration#hiddenHttpMethodFilter:
      Did not match:
         - @ConditionalOnProperty (spring.mvc.hiddenmethod.filter.enabled) did not find property 'enabled' (OnPropertyCondition)

   WebMvcAutoConfiguration.ProblemDetailsErrorHandlingConfiguration:
      Did not match:
         - @ConditionalOnProperty (spring.mvc.problemdetails.enabled=true) did not find property 'enabled' (OnPropertyCondition)

   WebMvcAutoConfiguration.ResourceChainCustomizerConfiguration:
      Did not match:
         - @ConditionalOnEnabledResourceChain did not find class org.webjars.WebJarVersionLocator (OnEnabledResourceChainCondition)

   WebMvcAutoConfiguration.WebMvcAutoConfigurationAdapter#beanNameViewResolver:
      Did not match:
         - @ConditionalOnMissingBean (types: org.springframework.web.servlet.view.BeanNameViewResolver; SearchStrategy: all) found beans of type 'org.springframework.web.servlet.view.BeanNameViewResolver' beanNameViewResolver (OnBeanCondition)

   WebTestClientAutoConfiguration:
      Did not match:
         - @ConditionalOnClass did not find required class 'org.springframework.web.reactive.function.client.WebClient' (OnClassCondition)


Exclusions:
-----------

    None


Unconditional classes:
----------------------

    None



&amp#27;[30m2025-04-21 07:27:36,274&amp#27;[0;39m &amp#27;[39mDEBUG&amp#27;[0;39m [&amp#27;[34mmain&amp#27;[0;39m] &amp#27;[33mo.s.t.c.c.DefaultContextCache&amp#27;[0;39m: Spring test ApplicationContext cache statistics: [DefaultContextCache@4487dce size = 4, maxSize = 32, parentContextCount = 0, hitCount = 185, missCount = 4, failureCount = 0]
&amp#27;[30m2025-04-21 07:27:36,277&amp#27;[0;39m &amp#27;[39mDEBUG&amp#27;[0;39m [&amp#27;[34mmain&amp#27;[0;39m] &amp#27;[33mo.s.t.c.s.DependencyInjectionTestExecutionListener&amp#27;[0;39m: Performing dependency injection for test class in.rgukt.r081247.universityapi.controller.DepartmentControllerTest
&amp#27;[30m2025-04-21 07:27:36,278&amp#27;[0;39m &amp#27;[39mDEBUG&amp#27;[0;39m [&amp#27;[34mmain&amp#27;[0;39m] &amp#27;[33mo.s.t.c.c.DefaultContextCache&amp#27;[0;39m: Spring test ApplicationContext cache statistics: [DefaultContextCache@4487dce size = 4, maxSize = 32, parentContextCount = 0, hitCount = 186, missCount = 4, failureCount = 0]
&amp#27;[30m2025-04-21 07:27:36,289&amp#27;[0;39m &amp#27;[39mDEBUG&amp#27;[0;39m [&amp#27;[34mmain&amp#27;[0;39m] &amp#27;[33mo.s.t.c.c.DefaultContextCache&amp#27;[0;39m: Spring test ApplicationContext cache statistics: [DefaultContextCache@4487dce size = 4, maxSize = 32, parentContextCount = 0, hitCount = 187, missCount = 4, failureCount = 0]
]]></system-out>
  </testcase>
  <testcase name="testGetDepartmentById" classname="in.rgukt.r081247.universityapi.controller.DepartmentControllerTest" time="0.157">
    <system-out><![CDATA[&amp#27;[30m2025-04-21 07:27:36,301&amp#27;[0;39m &amp#27;[39mDEBUG&amp#27;[0;39m [&amp#27;[34mmain&amp#27;[0;39m] &amp#27;[33mo.s.t.c.c.DefaultContextCache&amp#27;[0;39m: Spring test ApplicationContext cache statistics: [DefaultContextCache@4487dce size = 4, maxSize = 32, parentContextCount = 0, hitCount = 188, missCount = 4, failureCount = 0]
&amp#27;[30m2025-04-21 07:27:36,302&amp#27;[0;39m &amp#27;[39mDEBUG&amp#27;[0;39m [&amp#27;[34mmain&amp#27;[0;39m] &amp#27;[33mo.s.t.c.s.DependencyInjectionTestExecutionListener&amp#27;[0;39m: Performing dependency injection for test class in.rgukt.r081247.universityapi.controller.DepartmentControllerTest
&amp#27;[30m2025-04-21 07:27:36,303&amp#27;[0;39m &amp#27;[39mDEBUG&amp#27;[0;39m [&amp#27;[34mmain&amp#27;[0;39m] &amp#27;[33mo.s.t.c.c.DefaultContextCache&amp#27;[0;39m: Spring test ApplicationContext cache statistics: [DefaultContextCache@4487dce size = 4, maxSize = 32, parentContextCount = 0, hitCount = 189, missCount = 4, failureCount = 0]
&amp#27;[30m2025-04-21 07:27:36,304&amp#27;[0;39m &amp#27;[39mDEBUG&amp#27;[0;39m [&amp#27;[34mmain&amp#27;[0;39m] &amp#27;[33mo.s.t.c.c.DefaultContextCache&amp#27;[0;39m: Spring test ApplicationContext cache statistics: [DefaultContextCache@4487dce size = 4, maxSize = 32, parentContextCount = 0, hitCount = 190, missCount = 4, failureCount = 0]
&amp#27;[30m2025-04-21 07:27:36,310&amp#27;[0;39m &amp#27;[39mDEBUG&amp#27;[0;39m [&amp#27;[34mmain&amp#27;[0;39m] &amp#27;[33mo.s.t.c.s.AbstractDirtiesContextTestExecutionListener&amp#27;[0;39m: Before test method: class [DepartmentControllerTest], method [testGetDepartmentById], class annotated with @DirtiesContext [false] with mode [null], method annotated with @DirtiesContext [false] with mode [null]
&amp#27;[30m2025-04-21 07:27:36,313&amp#27;[0;39m &amp#27;[39mDEBUG&amp#27;[0;39m [&amp#27;[34mmain&amp#27;[0;39m] &amp#27;[33mo.s.t.c.c.DefaultContextCache&amp#27;[0;39m: Spring test ApplicationContext cache statistics: [DefaultContextCache@4487dce size = 4, maxSize = 32, parentContextCount = 0, hitCount = 191, missCount = 4, failureCount = 0]
&amp#27;[30m2025-04-21 07:27:36,315&amp#27;[0;39m &amp#27;[39mDEBUG&amp#27;[0;39m [&amp#27;[34mmain&amp#27;[0;39m] &amp#27;[33mo.s.t.c.c.DefaultContextCache&amp#27;[0;39m: Spring test ApplicationContext cache statistics: [DefaultContextCache@4487dce size = 4, maxSize = 32, parentContextCount = 0, hitCount = 192, missCount = 4, failureCount = 0]
&amp#27;[30m2025-04-21 07:27:36,319&amp#27;[0;39m &amp#27;[39mDEBUG&amp#27;[0;39m [&amp#27;[34mmain&amp#27;[0;39m] &amp#27;[33mo.s.t.c.c.DefaultContextCache&amp#27;[0;39m: Spring test ApplicationContext cache statistics: [DefaultContextCache@4487dce size = 4, maxSize = 32, parentContextCount = 0, hitCount = 193, missCount = 4, failureCount = 0]
&amp#27;[30m2025-04-21 07:27:36,320&amp#27;[0;39m &amp#27;[39mDEBUG&amp#27;[0;39m [&amp#27;[34mmain&amp#27;[0;39m] &amp#27;[33mo.s.t.c.c.DefaultContextCache&amp#27;[0;39m: Spring test ApplicationContext cache statistics: [DefaultContextCache@4487dce size = 4, maxSize = 32, parentContextCount = 0, hitCount = 194, missCount = 4, failureCount = 0]
&amp#27;[30m2025-04-21 07:27:36,325&amp#27;[0;39m &amp#27;[39mDEBUG&amp#27;[0;39m [&amp#27;[34mmain&amp#27;[0;39m] &amp#27;[33mo.s.t.c.c.DefaultContextCache&amp#27;[0;39m: Spring test ApplicationContext cache statistics: [DefaultContextCache@4487dce size = 4, maxSize = 32, parentContextCount = 0, hitCount = 195, missCount = 4, failureCount = 0]
&amp#27;[30m2025-04-21 07:27:36,329&amp#27;[0;39m &amp#27;[39mDEBUG&amp#27;[0;39m [&amp#27;[34mmain&amp#27;[0;39m] &amp#27;[33mo.s.t.c.c.DefaultContextCache&amp#27;[0;39m: Spring test ApplicationContext cache statistics: [DefaultContextCache@4487dce size = 4, maxSize = 32, parentContextCount = 0, hitCount = 196, missCount = 4, failureCount = 0]
&amp#27;[30m2025-04-21 07:27:36,370&amp#27;[0;39m &amp#27;[39mDEBUG&amp#27;[0;39m [&amp#27;[34mmain&amp#27;[0;39m] &amp#27;[33mo.s.t.u.ReflectionTestUtils&amp#27;[0;39m: Invoking method 'getFilters' on target object [FilterChainProxy[Filter Chains: null]] or target class [null] with arguments {org.springframework.mock.web.MockHttpServletRequest@64a27d27}
&amp#27;[30m2025-04-21 07:27:36,371&amp#27;[0;39m &amp#27;[39mDEBUG&amp#27;[0;39m [&amp#27;[34mmain&amp#27;[0;39m] &amp#27;[33mo.s.t.u.ReflectionTestUtils&amp#27;[0;39m: Invoking method 'getFilters' on target object [FilterChainProxy[Filter Chains: null]] or target class [null] with arguments {org.springframework.mock.web.MockHttpServletRequest@64a27d27}
&amp#27;[30m2025-04-21 07:27:36,373&amp#27;[0;39m &amp#27;[39mDEBUG&amp#27;[0;39m [&amp#27;[34mmain&amp#27;[0;39m] &amp#27;[33mo.s.t.u.ReflectionTestUtils&amp#27;[0;39m: Getting field 'securityContextRepository' from target object [org.springframework.security.web.context.SecurityContextHolderFilter@41c77559] or target class [class org.springframework.security.web.context.SecurityContextHolderFilter]
&amp#27;[30m2025-04-21 07:27:36,375&amp#27;[0;39m &amp#27;[39mDEBUG&amp#27;[0;39m [&amp#27;[34mmain&amp#27;[0;39m] &amp#27;[33mo.s.t.u.ReflectionTestUtils&amp#27;[0;39m: Invoking method 'getFilters' on target object [FilterChainProxy[Filter Chains: null]] or target class [null] with arguments {org.springframework.mock.web.MockHttpServletRequest@64a27d27}
&amp#27;[30m2025-04-21 07:27:36,376&amp#27;[0;39m &amp#27;[39mDEBUG&amp#27;[0;39m [&amp#27;[34mmain&amp#27;[0;39m] &amp#27;[33mo.s.t.u.ReflectionTestUtils&amp#27;[0;39m: Invoking method 'getFilters' on target object [FilterChainProxy[Filter Chains: null]] or target class [null] with arguments {org.springframework.mock.web.MockHttpServletRequest@64a27d27}
&amp#27;[30m2025-04-21 07:27:36,376&amp#27;[0;39m &amp#27;[39mDEBUG&amp#27;[0;39m [&amp#27;[34mmain&amp#27;[0;39m] &amp#27;[33mo.s.t.u.ReflectionTestUtils&amp#27;[0;39m: Setting field 'securityContextRepository' of type [null] on target object [org.springframework.security.web.context.SecurityContextHolderFilter@41c77559] or target class [class org.springframework.security.web.context.SecurityContextHolderFilter] to value [org.springframework.security.test.web.servlet.request.SecurityMockMvcRequestPostProcessors$SecurityContextRequestPostProcessorSupport$TestSecurityContextRepository@7ce78666]
&amp#27;[30m2025-04-21 07:27:36,382&amp#27;[0;39m &amp#27;[39mDEBUG&amp#27;[0;39m [&amp#27;[34mmain&amp#27;[0;39m] &amp#27;[33mo.s.s.w.c.HttpSessionSecurityContextRepository$SaveToSessionResponseWrapper&amp#27;[0;39m: Created HttpSession as SecurityContext is non-default
&amp#27;[30m2025-04-21 07:27:36,385&amp#27;[0;39m &amp#27;[39mDEBUG&amp#27;[0;39m [&amp#27;[34mmain&amp#27;[0;39m] &amp#27;[33mo.s.s.w.c.HttpSessionSecurityContextRepository&amp#27;[0;39m: Stored SecurityContextImpl [Authentication=UsernamePasswordAuthenticationToken [Principal=org.springframework.security.core.userdetails.User [Username=admin, Password=[PROTECTED], Enabled=true, AccountNonExpired=true, CredentialsNonExpired=true, AccountNonLocked=true, Granted Authorities=[ROLE_ADMIN]], Credentials=[PROTECTED], Authenticated=true, Details=null, Granted Authorities=[ROLE_ADMIN]]] to HttpSession [org.springframework.mock.web.MockHttpSession@3c650ad2]
&amp#27;[30m2025-04-21 07:27:36,393&amp#27;[0;39m &amp#27;[39mDEBUG&amp#27;[0;39m [&amp#27;[34mmain&amp#27;[0;39m] &amp#27;[33mo.s.s.w.FilterChainProxy&amp#27;[0;39m: Securing GET /api/departments/1
&amp#27;[30m2025-04-21 07:27:36,402&amp#27;[0;39m &amp#27;[39mDEBUG&amp#27;[0;39m [&amp#27;[34mmain&amp#27;[0;39m] &amp#27;[33mo.s.s.w.c.HttpSessionSecurityContextRepository&amp#27;[0;39m: Retrieved SecurityContextImpl [Authentication=UsernamePasswordAuthenticationToken [Principal=org.springframework.security.core.userdetails.User [Username=admin, Password=[PROTECTED], Enabled=true, AccountNonExpired=true, CredentialsNonExpired=true, AccountNonLocked=true, Granted Authorities=[ROLE_ADMIN]], Credentials=[PROTECTED], Authenticated=true, Details=null, Granted Authorities=[ROLE_ADMIN]]]
&amp#27;[30m2025-04-21 07:27:36,403&amp#27;[0;39m &amp#27;[39mDEBUG&amp#27;[0;39m [&amp#27;[34mmain&amp#27;[0;39m] &amp#27;[33mo.s.s.w.FilterChainProxy&amp#27;[0;39m: Secured GET /api/departments/1
&amp#27;[30m2025-04-21 07:27:36,406&amp#27;[0;39m &amp#27;[39mDEBUG&amp#27;[0;39m [&amp#27;[34mmain&amp#27;[0;39m] &amp#27;[33mo.s.c.l.LogFormatUtils&amp#27;[0;39m: GET "/api/departments/1", parameters={}
&amp#27;[30m2025-04-21 07:27:36,408&amp#27;[0;39m &amp#27;[39mDEBUG&amp#27;[0;39m [&amp#27;[34mmain&amp#27;[0;39m] &amp#27;[33mo.s.w.s.h.AbstractHandlerMapping&amp#27;[0;39m: Mapped to in.rgukt.r081247.universityapi.controller.DepartmentController#getDepartment(Long)
&amp#27;[30m2025-04-21 07:27:36,425&amp#27;[0;39m &amp#27;[39mDEBUG&amp#27;[0;39m [&amp#27;[34mmain&amp#27;[0;39m] &amp#27;[33mo.s.w.s.m.m.a.AbstractMessageConverterMethodProcessor&amp#27;[0;39m: Using 'application/json', given [application/json] and supported [application/json]
&amp#27;[30m2025-04-21 07:27:36,430&amp#27;[0;39m &amp#27;[39mDEBUG&amp#27;[0;39m [&amp#27;[34mmain&amp#27;[0;39m] &amp#27;[33mo.s.c.l.LogFormatUtils&amp#27;[0;39m: Writing [Department{id=1, name='Physics'}]
&amp#27;[30m2025-04-21 07:27:36,435&amp#27;[0;39m &amp#27;[39mDEBUG&amp#27;[0;39m [&amp#27;[34mmain&amp#27;[0;39m] &amp#27;[33mo.s.w.s.FrameworkServlet&amp#27;[0;39m: Completed 200 OK
DepartmentControllerTest.testGetDepartmentById()
&amp#27;[30m2025-04-21 07:27:36,454&amp#27;[0;39m &amp#27;[39mDEBUG&amp#27;[0;39m [&amp#27;[34mmain&amp#27;[0;39m] &amp#27;[33mo.s.t.c.c.DefaultContextCache&amp#27;[0;39m: Spring test ApplicationContext cache statistics: [DefaultContextCache@4487dce size = 4, maxSize = 32, parentContextCount = 0, hitCount = 197, missCount = 4, failureCount = 0]
&amp#27;[30m2025-04-21 07:27:36,455&amp#27;[0;39m &amp#27;[39mDEBUG&amp#27;[0;39m [&amp#27;[34mmain&amp#27;[0;39m] &amp#27;[33mo.s.t.c.c.DefaultContextCache&amp#27;[0;39m: Spring test ApplicationContext cache statistics: [DefaultContextCache@4487dce size = 4, maxSize = 32, parentContextCount = 0, hitCount = 198, missCount = 4, failureCount = 0]
&amp#27;[30m2025-04-21 07:27:36,457&amp#27;[0;39m &amp#27;[39mDEBUG&amp#27;[0;39m [&amp#27;[34mmain&amp#27;[0;39m] &amp#27;[33mo.s.t.c.c.DefaultContextCache&amp#27;[0;39m: Spring test ApplicationContext cache statistics: [DefaultContextCache@4487dce size = 4, maxSize = 32, parentContextCount = 0, hitCount = 199, missCount = 4, failureCount = 0]
&amp#27;[30m2025-04-21 07:27:36,457&amp#27;[0;39m &amp#27;[39mDEBUG&amp#27;[0;39m [&amp#27;[34mmain&amp#27;[0;39m] &amp#27;[33mo.s.t.c.c.DefaultContextCache&amp#27;[0;39m: Spring test ApplicationContext cache statistics: [DefaultContextCache@4487dce size = 4, maxSize = 32, parentContextCount = 0, hitCount = 200, missCount = 4, failureCount = 0]
&amp#27;[30m2025-04-21 07:27:36,458&amp#27;[0;39m &amp#27;[39mDEBUG&amp#27;[0;39m [&amp#27;[34mmain&amp#27;[0;39m] &amp#27;[33mo.s.t.c.c.DefaultContextCache&amp#27;[0;39m: Spring test ApplicationContext cache statistics: [DefaultContextCache@4487dce size = 4, maxSize = 32, parentContextCount = 0, hitCount = 201, missCount = 4, failureCount = 0]
&amp#27;[30m2025-04-21 07:27:36,459&amp#27;[0;39m &amp#27;[39mDEBUG&amp#27;[0;39m [&amp#27;[34mmain&amp#27;[0;39m] &amp#27;[33mo.s.t.c.c.DefaultContextCache&amp#27;[0;39m: Spring test ApplicationContext cache statistics: [DefaultContextCache@4487dce size = 4, maxSize = 32, parentContextCount = 0, hitCount = 202, missCount = 4, failureCount = 0]
&amp#27;[30m2025-04-21 07:27:36,461&amp#27;[0;39m &amp#27;[39mDEBUG&amp#27;[0;39m [&amp#27;[34mmain&amp#27;[0;39m] &amp#27;[33mo.s.t.c.c.DefaultContextCache&amp#27;[0;39m: Spring test ApplicationContext cache statistics: [DefaultContextCache@4487dce size = 4, maxSize = 32, parentContextCount = 0, hitCount = 203, missCount = 4, failureCount = 0]
&amp#27;[30m2025-04-21 07:27:36,461&amp#27;[0;39m &amp#27;[39mDEBUG&amp#27;[0;39m [&amp#27;[34mmain&amp#27;[0;39m] &amp#27;[33mo.s.t.c.c.DefaultContextCache&amp#27;[0;39m: Spring test ApplicationContext cache statistics: [DefaultContextCache@4487dce size = 4, maxSize = 32, parentContextCount = 0, hitCount = 204, missCount = 4, failureCount = 0]
&amp#27;[30m2025-04-21 07:27:36,462&amp#27;[0;39m &amp#27;[39mDEBUG&amp#27;[0;39m [&amp#27;[34mmain&amp#27;[0;39m] &amp#27;[33mo.s.t.c.s.AbstractDirtiesContextTestExecutionListener&amp#27;[0;39m: After test method: class [DepartmentControllerTest], method [testGetDepartmentById], class annotated with @DirtiesContext [false] with mode [null], method annotated with @DirtiesContext [false] with mode [null]
]]></system-out>
  </testcase>
</testsuite>